#
# There is insufficient memory for the Java Runtime Environment to continue.
# Native memory allocation (mmap) failed to map 559939584 bytes for committing reserved memory.
# Possible reasons:
#   The system is out of physical RAM or swap space
#   The process is running with CompressedOops enabled, and the Java Heap may be blocking the growth of the native heap
# Possible solutions:
#   Reduce memory load on the system
#   Increase physical memory or swap space
#   Check if swap backing store is full
#   Decrease Java heap size (-Xmx/-Xms)
#   Decrease number of Java threads
#   Decrease Java thread stack sizes (-Xss)
#   Set larger code cache with -XX:ReservedCodeCacheSize=
#   JVM is running with Unscaled Compressed Oops mode in which the Java heap is
#     placed in the first 4GB address space. The Java Heap base address is the
#     maximum limit for the native heap growth. Please use -XX:HeapBaseMinAddress
#     to set the Java Heap base and to place the Java Heap above 4GB virtual address.
# This output file may be truncated or incomplete.
#
#  Out of Memory Error (os_linux.cpp:2886), pid=23093, tid=23101
#
# JRE version: OpenJDK Runtime Environment (11.0.8+10) (build 11.0.8+10-post-Debian-1deb10u1)
# Java VM: OpenJDK 64-Bit Server VM (11.0.8+10-post-Debian-1deb10u1, mixed mode, sharing, tiered, compressed oops, g1 gc, linux-amd64)
# No core dump will be written. Core dumps have been disabled. To enable core dumping, try "ulimit -c unlimited" before starting Java again
#

---------------  S U M M A R Y ------------

Command Line: -Xverify:none -XX:TieredStopAtLevel=1 com.bpm.workflow.Application

Host: Intel(R) Core(TM) i3-2350M CPU @ 2.30GHz, 4 cores, 7G, MX 19.2 patito feo
Time: Tue Oct 20 18:38:35 2020 WIB elapsed time: 83 seconds (0d 0h 1m 23s)

---------------  T H R E A D  ---------------

Current thread (0x00007fcde010e800):  VMThread "VM Thread" [stack: 0x00007fcdbc8c4000,0x00007fcdbc9c4000] [id=23101]

Stack: [0x00007fcdbc8c4000,0x00007fcdbc9c4000],  sp=0x00007fcdbc9c1e50,  free space=1015k
Native frames: (J=compiled Java code, A=aot compiled Java code, j=interpreted, Vv=VM code, C=native code)
V  [libjvm.so+0xd2a6ea]
V  [libjvm.so+0xd2b3ab]
V  [libjvm.so+0x619ad5]
V  [libjvm.so+0xb343f8]
V  [libjvm.so+0xb2b93d]
V  [libjvm.so+0x731ebf]
V  [libjvm.so+0x73226e]
V  [libjvm.so+0x73b566]
V  [libjvm.so+0x7b2d04]
V  [libjvm.so+0x7b3910]
V  [libjvm.so+0x7b3d37]
V  [libjvm.so+0x6f0960]
V  [libjvm.so+0x6f5363]
V  [libjvm.so+0xd35534]
V  [libjvm.so+0xd2ce98]
V  [libjvm.so+0xd32bc7]
V  [libjvm.so+0xd33258]
V  [libjvm.so+0xd33563]
V  [libjvm.so+0xcc4599]
V  [libjvm.so+0xb38d0e]

VM_Operation (0x00007fcde4432f30): G1CollectForAllocation, mode: safepoint, requested by thread 0x00007fcde0019000


---------------  P R O C E S S  ---------------

Threads class SMR info:
_java_thread_list=0x00007fcde106f070, length=12, elements={
0x00007fcde0019000, 0x00007fcde0111000, 0x00007fcde0113000, 0x00007fcde011c800,
0x00007fcde011e800, 0x00007fcde0120800, 0x00007fcde0170000, 0x00007fcde0175000,
0x00007fcde1062000, 0x00007fcde106c800, 0x00007fcd6c001800, 0x00007fcde1070000
}

Java Threads: ( => current thread )
  0x00007fcde0019000 JavaThread "main" [_thread_blocked, id=23095, stack(0x00007fcde4338000,0x00007fcde4439000)]
  0x00007fcde0111000 JavaThread "Reference Handler" daemon [_thread_blocked, id=23102, stack(0x00007fcdbc7c1000,0x00007fcdbc8c2000)]
  0x00007fcde0113000 JavaThread "Finalizer" daemon [_thread_blocked, id=23103, stack(0x00007fcdbc6c0000,0x00007fcdbc7c1000)]
  0x00007fcde011c800 JavaThread "Signal Dispatcher" daemon [_thread_blocked, id=23104, stack(0x00007fcdbc2f4000,0x00007fcdbc3f5000)]
  0x00007fcde011e800 JavaThread "C1 CompilerThread0" daemon [_thread_blocked, id=23105, stack(0x00007fcdbc1f3000,0x00007fcdbc2f4000)]
  0x00007fcde0120800 JavaThread "Sweeper thread" daemon [_thread_blocked, id=23106, stack(0x00007fcdbc0f2000,0x00007fcdbc1f3000)]
  0x00007fcde0170000 JavaThread "Service Thread" daemon [_thread_blocked, id=23107, stack(0x00007fcd97eff000,0x00007fcd98000000)]
  0x00007fcde0175000 JavaThread "Common-Cleaner" daemon [_thread_blocked, id=23109, stack(0x00007fcd97cfc000,0x00007fcd97dfd000)]
  0x00007fcde1062000 JavaThread "FetchAndLockHandlerImpl" [_thread_blocked, id=23143, stack(0x00007fcd979f7000,0x00007fcd97af8000)]
  0x00007fcde106c800 JavaThread "Catalina-utility-1" [_thread_blocked, id=23144, stack(0x00007fcd967f4000,0x00007fcd968f5000)]
  0x00007fcd6c001800 JavaThread "Catalina-utility-2" [_thread_blocked, id=23145, stack(0x00007fcd966f3000,0x00007fcd967f4000)]
  0x00007fcde1070000 JavaThread "container-0" [_thread_blocked, id=23146, stack(0x00007fcd965f2000,0x00007fcd966f3000)]

Other Threads:
=>0x00007fcde010e800 VMThread "VM Thread" [stack: 0x00007fcdbc8c4000,0x00007fcdbc9c4000] [id=23101]
  0x00007fcde0172800 WatcherThread [stack: 0x00007fcd97dff000,0x00007fcd97eff000] [id=23108]
  0x00007fcde0030000 GCTaskThread "GC Thread#0" [stack: 0x00007fcdc8802000,0x00007fcdc8902000] [id=23096]
  0x00007fcdac001000 GCTaskThread "GC Thread#1" [stack: 0x00007fcd97bfc000,0x00007fcd97cfc000] [id=23114]
  0x00007fcdac002800 GCTaskThread "GC Thread#2" [stack: 0x00007fcd97afa000,0x00007fcd97bfa000] [id=23115]
  0x00007fcdac005000 GCTaskThread "GC Thread#3" [stack: 0x00007fcd978f7000,0x00007fcd979f7000] [id=23117]
  0x00007fcde0061800 ConcurrentGCThread "G1 Main Marker" [stack: 0x00007fcdbf9ac000,0x00007fcdbfaac000] [id=23097]
  0x00007fcde0063000 ConcurrentGCThread "G1 Conc#0" [stack: 0x00007fcdbf8aa000,0x00007fcdbf9aa000] [id=23098]
  0x00007fcde00db000 ConcurrentGCThread "G1 Refine#0" [stack: 0x00007fcdbd3a4000,0x00007fcdbd4a4000] [id=23099]
  0x00007fcde00dd000 ConcurrentGCThread "G1 Young RemSet Sampling" [stack: 0x00007fcdbd2a2000,0x00007fcdbd3a2000] [id=23100]

Threads with active compile tasks:

VM state:at safepoint (normal execution)

VM Mutex/Monitor currently owned by a thread:  ([mutex/lock_event])
[0x00007fcde0015bf0] Threads_lock - owner thread: 0x00007fcde010e800
[0x00007fcde00163d0] Heap_lock - owner thread: 0x00007fcde0019000

Heap address: 0x0000000084c00000, size: 1972 MB, Compressed Oops mode: 32-bit
Narrow klass base: 0x0000000800000000, Narrow klass shift: 3
Compressed class space size: 1073741824 Address: 0x0000000840000000

Heap:
 garbage-first heap   total 820224K, used 42522K [0x0000000084c00000, 0x0000000100000000)
  region size 1024K, 2 young (2048K), 2 survivors (2048K)
 Metaspace       used 50259K, capacity 51455K, committed 51836K, reserved 1093632K
  class space    used 6769K, capacity 7274K, committed 7372K, reserved 1048576K
Heap Regions: E=young(eden), S=young(survivor), O=old, HS=humongous(starts), HC=humongous(continues), CS=collection set, F=free, A=archive, TAMS=top-at-mark-start (previous, next)
|   0|0x0000000084c00000, 0x0000000084d00000, 0x0000000084d00000|100%|HS|  |TAMS 0x0000000084d00000, 0x0000000084c00000| Complete 
|   1|0x0000000084d00000, 0x0000000084e00000, 0x0000000084e00000|100%| O|  |TAMS 0x0000000084e00000, 0x0000000084d00000| Untracked 
|   2|0x0000000084e00000, 0x0000000084f00000, 0x0000000084f00000|100%| O|  |TAMS 0x0000000084f00000, 0x0000000084e00000| Untracked 
|   3|0x0000000084f00000, 0x0000000085000000, 0x0000000085000000|100%| O|  |TAMS 0x0000000085000000, 0x0000000084f00000| Untracked 
|   4|0x0000000085000000, 0x0000000085100000, 0x0000000085100000|100%| O|  |TAMS 0x0000000085100000, 0x0000000085000000| Untracked 
|   5|0x0000000085100000, 0x0000000085200000, 0x0000000085200000|100%| O|  |TAMS 0x0000000085200000, 0x0000000085100000| Untracked 
|   6|0x0000000085200000, 0x0000000085300000, 0x0000000085300000|100%| O|  |TAMS 0x0000000085300000, 0x0000000085200000| Untracked 
|   7|0x0000000085300000, 0x0000000085400000, 0x0000000085400000|100%| O|  |TAMS 0x0000000085400000, 0x0000000085300000| Untracked 
|   8|0x0000000085400000, 0x0000000085500000, 0x0000000085500000|100%| O|  |TAMS 0x0000000085500000, 0x0000000085400000| Untracked 
|   9|0x0000000085500000, 0x0000000085600000, 0x0000000085600000|100%| O|  |TAMS 0x0000000085600000, 0x0000000085500000| Untracked 
|  10|0x0000000085600000, 0x0000000085700000, 0x0000000085700000|100%| O|  |TAMS 0x0000000085618e00, 0x0000000085600000| Untracked 
|  11|0x0000000085700000, 0x0000000085800000, 0x0000000085800000|100%| O|  |TAMS 0x0000000085700000, 0x0000000085700000| Untracked 
|  12|0x0000000085800000, 0x0000000085900000, 0x0000000085900000|100%| O|  |TAMS 0x0000000085800000, 0x0000000085800000| Untracked 
|  13|0x0000000085900000, 0x0000000085a00000, 0x0000000085a00000|100%| O|  |TAMS 0x0000000085900000, 0x0000000085900000| Untracked 
|  14|0x0000000085a00000, 0x0000000085b00000, 0x0000000085b00000|100%| O|  |TAMS 0x0000000085a00000, 0x0000000085a00000| Untracked 
|  15|0x0000000085b00000, 0x0000000085c00000, 0x0000000085c00000|100%| O|  |TAMS 0x0000000085b00000, 0x0000000085b00000| Untracked 
|  16|0x0000000085c00000, 0x0000000085d00000, 0x0000000085d00000|100%| O|  |TAMS 0x0000000085c00000, 0x0000000085c00000| Untracked 
|  17|0x0000000085d00000, 0x0000000085e00000, 0x0000000085e00000|100%| O|  |TAMS 0x0000000085d00000, 0x0000000085d00000| Untracked 
|  18|0x0000000085e00000, 0x0000000085f00000, 0x0000000085f00000|100%| O|  |TAMS 0x0000000085e00000, 0x0000000085e00000| Untracked 
|  19|0x0000000085f00000, 0x0000000086000000, 0x0000000086000000|100%| O|  |TAMS 0x0000000085f00000, 0x0000000085f00000| Untracked 
|  20|0x0000000086000000, 0x0000000086100000, 0x0000000086100000|100%| O|  |TAMS 0x0000000086000000, 0x0000000086000000| Untracked 
|  21|0x0000000086100000, 0x0000000086200000, 0x0000000086200000|100%| O|  |TAMS 0x0000000086100000, 0x0000000086100000| Untracked 
|  22|0x0000000086200000, 0x0000000086300000, 0x0000000086300000|100%| O|  |TAMS 0x0000000086200000, 0x0000000086200000| Untracked 
|  23|0x0000000086300000, 0x0000000086400000, 0x0000000086400000|100%| O|  |TAMS 0x0000000086300000, 0x0000000086300000| Untracked 
|  24|0x0000000086400000, 0x0000000086500000, 0x0000000086500000|100%| O|  |TAMS 0x0000000086400000, 0x0000000086400000| Untracked 
|  25|0x0000000086500000, 0x0000000086600000, 0x0000000086600000|100%| O|  |TAMS 0x0000000086500000, 0x0000000086500000| Untracked 
|  26|0x0000000086600000, 0x0000000086700000, 0x0000000086700000|100%| O|  |TAMS 0x0000000086600000, 0x0000000086600000| Untracked 
|  27|0x0000000086700000, 0x0000000086800000, 0x0000000086800000|100%| O|  |TAMS 0x0000000086700000, 0x0000000086700000| Untracked 
|  28|0x0000000086800000, 0x0000000086900000, 0x0000000086900000|100%| O|  |TAMS 0x0000000086800000, 0x0000000086800000| Untracked 
|  29|0x0000000086900000, 0x0000000086a00000, 0x0000000086a00000|100%| O|  |TAMS 0x0000000086900000, 0x0000000086900000| Untracked 
|  30|0x0000000086a00000, 0x0000000086b00000, 0x0000000086b00000|100%| O|  |TAMS 0x0000000086a00000, 0x0000000086a00000| Untracked 
|  31|0x0000000086b00000, 0x0000000086c00000, 0x0000000086c00000|100%| O|  |TAMS 0x0000000086b00000, 0x0000000086b00000| Untracked 
|  32|0x0000000086c00000, 0x0000000086d00000, 0x0000000086d00000|100%| O|  |TAMS 0x0000000086c00000, 0x0000000086c00000| Untracked 
|  33|0x0000000086d00000, 0x0000000086e00000, 0x0000000086e00000|100%| O|  |TAMS 0x0000000086d00000, 0x0000000086d00000| Untracked 
|  34|0x0000000086e00000, 0x0000000086f00000, 0x0000000086f00000|100%| O|  |TAMS 0x0000000086e00000, 0x0000000086e00000| Untracked 
|  35|0x0000000086f00000, 0x0000000087000000, 0x0000000087000000|100%| O|  |TAMS 0x0000000086f00000, 0x0000000086f00000| Untracked 
|  36|0x0000000087000000, 0x0000000087100000, 0x0000000087100000|100%| O|  |TAMS 0x0000000087000000, 0x0000000087000000| Untracked 
|  37|0x0000000087100000, 0x0000000087200000, 0x0000000087200000|100%| O|  |TAMS 0x0000000087100000, 0x0000000087100000| Untracked 
|  38|0x0000000087200000, 0x0000000087300000, 0x0000000087300000|100%| O|  |TAMS 0x0000000087200000, 0x0000000087200000| Untracked 
|  39|0x0000000087300000, 0x0000000087359800, 0x0000000087400000| 34%| O|  |TAMS 0x0000000087300000, 0x0000000087300000| Untracked 
|  40|0x0000000087400000, 0x0000000087400000, 0x0000000087500000|  0%| F|  |TAMS 0x0000000087400000, 0x0000000087400000| Untracked 
|  41|0x0000000087500000, 0x0000000087500000, 0x0000000087600000|  0%| F|  |TAMS 0x0000000087500000, 0x0000000087500000| Untracked 
|  42|0x0000000087600000, 0x0000000087600000, 0x0000000087700000|  0%| F|  |TAMS 0x0000000087600000, 0x0000000087600000| Untracked 
|  43|0x0000000087700000, 0x0000000087700000, 0x0000000087800000|  0%| F|  |TAMS 0x0000000087700000, 0x0000000087700000| Untracked 
|  44|0x0000000087800000, 0x0000000087800000, 0x0000000087900000|  0%| F|  |TAMS 0x0000000087800000, 0x0000000087800000| Untracked 
|  45|0x0000000087900000, 0x0000000087900000, 0x0000000087a00000|  0%| F|  |TAMS 0x0000000087900000, 0x0000000087900000| Untracked 
|  46|0x0000000087a00000, 0x0000000087a00000, 0x0000000087b00000|  0%| F|  |TAMS 0x0000000087a00000, 0x0000000087a00000| Untracked 
|  47|0x0000000087b00000, 0x0000000087b00000, 0x0000000087c00000|  0%| F|  |TAMS 0x0000000087b00000, 0x0000000087b00000| Untracked 
|  48|0x0000000087c00000, 0x0000000087c00000, 0x0000000087d00000|  0%| F|  |TAMS 0x0000000087c00000, 0x0000000087c00000| Untracked 
|  49|0x0000000087d00000, 0x0000000087d00000, 0x0000000087e00000|  0%| F|  |TAMS 0x0000000087d00000, 0x0000000087d00000| Untracked 
|  50|0x0000000087e00000, 0x0000000087e00000, 0x0000000087f00000|  0%| F|  |TAMS 0x0000000087e00000, 0x0000000087e00000| Untracked 
|  51|0x0000000087f00000, 0x0000000087f00000, 0x0000000088000000|  0%| F|  |TAMS 0x0000000087f00000, 0x0000000087f00000| Untracked 
|  52|0x0000000088000000, 0x0000000088000000, 0x0000000088100000|  0%| F|  |TAMS 0x0000000088000000, 0x0000000088000000| Untracked 
|  53|0x0000000088100000, 0x0000000088100000, 0x0000000088200000|  0%| F|  |TAMS 0x0000000088100000, 0x0000000088100000| Untracked 
|  54|0x0000000088200000, 0x0000000088200000, 0x0000000088300000|  0%| F|  |TAMS 0x0000000088200000, 0x0000000088200000| Untracked 
|  55|0x0000000088300000, 0x0000000088300000, 0x0000000088400000|  0%| F|  |TAMS 0x0000000088300000, 0x0000000088300000| Untracked 
|  56|0x0000000088400000, 0x0000000088400000, 0x0000000088500000|  0%| F|  |TAMS 0x0000000088400000, 0x0000000088400000| Untracked 
|  57|0x0000000088500000, 0x0000000088500000, 0x0000000088600000|  0%| F|  |TAMS 0x0000000088500000, 0x0000000088500000| Untracked 
|  58|0x0000000088600000, 0x0000000088600000, 0x0000000088700000|  0%| F|  |TAMS 0x0000000088600000, 0x0000000088600000| Untracked 
|  59|0x0000000088700000, 0x0000000088700000, 0x0000000088800000|  0%| F|  |TAMS 0x0000000088700000, 0x0000000088700000| Untracked 
|  60|0x0000000088800000, 0x0000000088800000, 0x0000000088900000|  0%| F|  |TAMS 0x0000000088800000, 0x0000000088800000| Untracked 
|  61|0x0000000088900000, 0x0000000088900000, 0x0000000088a00000|  0%| F|  |TAMS 0x0000000088900000, 0x0000000088900000| Untracked 
|  62|0x0000000088a00000, 0x0000000088a00000, 0x0000000088b00000|  0%| F|  |TAMS 0x0000000088a00000, 0x0000000088a00000| Untracked 
|  63|0x0000000088b00000, 0x0000000088b00000, 0x0000000088c00000|  0%| F|  |TAMS 0x0000000088b00000, 0x0000000088b00000| Untracked 
|  64|0x0000000088c00000, 0x0000000088c00000, 0x0000000088d00000|  0%| F|  |TAMS 0x0000000088c00000, 0x0000000088c00000| Untracked 
|  65|0x0000000088d00000, 0x0000000088d00000, 0x0000000088e00000|  0%| F|  |TAMS 0x0000000088d00000, 0x0000000088d00000| Untracked 
|  66|0x0000000088e00000, 0x0000000088e00000, 0x0000000088f00000|  0%| F|  |TAMS 0x0000000088e00000, 0x0000000088e00000| Untracked 
|  67|0x0000000088f00000, 0x0000000088f00000, 0x0000000089000000|  0%| F|  |TAMS 0x0000000088f00000, 0x0000000088f00000| Untracked 
|  68|0x0000000089000000, 0x0000000089000000, 0x0000000089100000|  0%| F|  |TAMS 0x0000000089000000, 0x0000000089000000| Untracked 
|  69|0x0000000089100000, 0x0000000089100000, 0x0000000089200000|  0%| F|  |TAMS 0x0000000089100000, 0x0000000089100000| Untracked 
|  70|0x0000000089200000, 0x0000000089200000, 0x0000000089300000|  0%| F|  |TAMS 0x0000000089200000, 0x0000000089200000| Untracked 
|  71|0x0000000089300000, 0x0000000089300000, 0x0000000089400000|  0%| F|  |TAMS 0x0000000089300000, 0x0000000089300000| Untracked 
|  72|0x0000000089400000, 0x0000000089400000, 0x0000000089500000|  0%| F|  |TAMS 0x0000000089400000, 0x0000000089400000| Untracked 
|  73|0x0000000089500000, 0x0000000089500000, 0x0000000089600000|  0%| F|  |TAMS 0x0000000089500000, 0x0000000089500000| Untracked 
|  74|0x0000000089600000, 0x0000000089600000, 0x0000000089700000|  0%| F|  |TAMS 0x0000000089600000, 0x0000000089600000| Untracked 
|  75|0x0000000089700000, 0x0000000089700000, 0x0000000089800000|  0%| F|  |TAMS 0x0000000089700000, 0x0000000089700000| Untracked 
|  76|0x0000000089800000, 0x0000000089800000, 0x0000000089900000|  0%| F|  |TAMS 0x0000000089800000, 0x0000000089800000| Untracked 
|  77|0x0000000089900000, 0x0000000089900000, 0x0000000089a00000|  0%| F|  |TAMS 0x0000000089900000, 0x0000000089900000| Untracked 
|  78|0x0000000089a00000, 0x0000000089a00000, 0x0000000089b00000|  0%| F|  |TAMS 0x0000000089a00000, 0x0000000089a00000| Untracked 
|  79|0x0000000089b00000, 0x0000000089b00000, 0x0000000089c00000|  0%| F|  |TAMS 0x0000000089b00000, 0x0000000089b00000| Untracked 
|  80|0x0000000089c00000, 0x0000000089c00000, 0x0000000089d00000|  0%| F|  |TAMS 0x0000000089c00000, 0x0000000089c00000| Untracked 
|  81|0x0000000089d00000, 0x0000000089d00000, 0x0000000089e00000|  0%| F|  |TAMS 0x0000000089d00000, 0x0000000089d00000| Untracked 
|  82|0x0000000089e00000, 0x0000000089e00000, 0x0000000089f00000|  0%| F|  |TAMS 0x0000000089e00000, 0x0000000089e00000| Untracked 
|  83|0x0000000089f00000, 0x0000000089f00000, 0x000000008a000000|  0%| F|  |TAMS 0x0000000089f00000, 0x0000000089f00000| Untracked 
|  84|0x000000008a000000, 0x000000008a000000, 0x000000008a100000|  0%| F|  |TAMS 0x000000008a000000, 0x000000008a000000| Untracked 
|  85|0x000000008a100000, 0x000000008a100000, 0x000000008a200000|  0%| F|  |TAMS 0x000000008a100000, 0x000000008a100000| Untracked 
|  86|0x000000008a200000, 0x000000008a200000, 0x000000008a300000|  0%| F|  |TAMS 0x000000008a200000, 0x000000008a200000| Untracked 
|  87|0x000000008a300000, 0x000000008a300000, 0x000000008a400000|  0%| F|  |TAMS 0x000000008a300000, 0x000000008a300000| Untracked 
|  88|0x000000008a400000, 0x000000008a400000, 0x000000008a500000|  0%| F|  |TAMS 0x000000008a400000, 0x000000008a400000| Untracked 
|  89|0x000000008a500000, 0x000000008a500000, 0x000000008a600000|  0%| F|  |TAMS 0x000000008a500000, 0x000000008a500000| Untracked 
|  90|0x000000008a600000, 0x000000008a600000, 0x000000008a700000|  0%| F|  |TAMS 0x000000008a600000, 0x000000008a600000| Untracked 
|  91|0x000000008a700000, 0x000000008a700000, 0x000000008a800000|  0%| F|  |TAMS 0x000000008a700000, 0x000000008a700000| Untracked 
|  92|0x000000008a800000, 0x000000008a800000, 0x000000008a900000|  0%| F|  |TAMS 0x000000008a800000, 0x000000008a800000| Untracked 
|  93|0x000000008a900000, 0x000000008a900000, 0x000000008aa00000|  0%| F|  |TAMS 0x000000008a900000, 0x000000008a900000| Untracked 
|  94|0x000000008aa00000, 0x000000008aa00000, 0x000000008ab00000|  0%| F|  |TAMS 0x000000008aa00000, 0x000000008aa00000| Untracked 
|  95|0x000000008ab00000, 0x000000008ab00000, 0x000000008ac00000|  0%| F|  |TAMS 0x000000008ab00000, 0x000000008ab00000| Untracked 
|  96|0x000000008ac00000, 0x000000008ac00000, 0x000000008ad00000|  0%| F|  |TAMS 0x000000008ac00000, 0x000000008ac00000| Untracked 
|  97|0x000000008ad00000, 0x000000008ad00000, 0x000000008ae00000|  0%| F|  |TAMS 0x000000008ad00000, 0x000000008ad00000| Untracked 
|  98|0x000000008ae00000, 0x000000008ae00000, 0x000000008af00000|  0%| F|  |TAMS 0x000000008ae00000, 0x000000008ae00000| Untracked 
|  99|0x000000008af00000, 0x000000008af00000, 0x000000008b000000|  0%| F|  |TAMS 0x000000008af00000, 0x000000008af00000| Untracked 
| 100|0x000000008b000000, 0x000000008b000000, 0x000000008b100000|  0%| F|  |TAMS 0x000000008b000000, 0x000000008b000000| Untracked 
| 101|0x000000008b100000, 0x000000008b100000, 0x000000008b200000|  0%| F|  |TAMS 0x000000008b100000, 0x000000008b100000| Untracked 
| 102|0x000000008b200000, 0x000000008b200000, 0x000000008b300000|  0%| F|  |TAMS 0x000000008b200000, 0x000000008b200000| Untracked 
| 103|0x000000008b300000, 0x000000008b300000, 0x000000008b400000|  0%| F|  |TAMS 0x000000008b300000, 0x000000008b300000| Untracked 
| 104|0x000000008b400000, 0x000000008b400000, 0x000000008b500000|  0%| F|  |TAMS 0x000000008b400000, 0x000000008b400000| Untracked 
| 105|0x000000008b500000, 0x000000008b500000, 0x000000008b600000|  0%| F|  |TAMS 0x000000008b500000, 0x000000008b500000| Untracked 
| 106|0x000000008b600000, 0x000000008b600000, 0x000000008b700000|  0%| F|  |TAMS 0x000000008b600000, 0x000000008b600000| Untracked 
| 107|0x000000008b700000, 0x000000008b700000, 0x000000008b800000|  0%| F|  |TAMS 0x000000008b700000, 0x000000008b700000| Untracked 
| 108|0x000000008b800000, 0x000000008b800000, 0x000000008b900000|  0%| F|  |TAMS 0x000000008b800000, 0x000000008b800000| Untracked 
| 109|0x000000008b900000, 0x000000008b900000, 0x000000008ba00000|  0%| F|  |TAMS 0x000000008b900000, 0x000000008b900000| Untracked 
| 110|0x000000008ba00000, 0x000000008ba00000, 0x000000008bb00000|  0%| F|  |TAMS 0x000000008ba00000, 0x000000008ba00000| Untracked 
| 111|0x000000008bb00000, 0x000000008bb00000, 0x000000008bc00000|  0%| F|  |TAMS 0x000000008bb00000, 0x000000008bb00000| Untracked 
| 112|0x000000008bc00000, 0x000000008bc00000, 0x000000008bd00000|  0%| F|  |TAMS 0x000000008bc00000, 0x000000008bc00000| Untracked 
| 113|0x000000008bd00000, 0x000000008bd00000, 0x000000008be00000|  0%| F|  |TAMS 0x000000008bd00000, 0x000000008bd00000| Untracked 
| 114|0x000000008be00000, 0x000000008be00000, 0x000000008bf00000|  0%| F|  |TAMS 0x000000008be00000, 0x000000008be00000| Untracked 
| 115|0x000000008bf00000, 0x000000008bf00000, 0x000000008c000000|  0%| F|  |TAMS 0x000000008bf00000, 0x000000008bf00000| Untracked 
| 116|0x000000008c000000, 0x000000008c000000, 0x000000008c100000|  0%| F|  |TAMS 0x000000008c000000, 0x000000008c000000| Untracked 
| 117|0x000000008c100000, 0x000000008c100000, 0x000000008c200000|  0%| F|  |TAMS 0x000000008c100000, 0x000000008c100000| Untracked 
| 118|0x000000008c200000, 0x000000008c200000, 0x000000008c300000|  0%| F|  |TAMS 0x000000008c200000, 0x000000008c200000| Untracked 
| 119|0x000000008c300000, 0x000000008c300000, 0x000000008c400000|  0%| F|  |TAMS 0x000000008c300000, 0x000000008c300000| Untracked 
| 120|0x000000008c400000, 0x000000008c400000, 0x000000008c500000|  0%| F|  |TAMS 0x000000008c400000, 0x000000008c400000| Untracked 
| 121|0x000000008c500000, 0x000000008c500000, 0x000000008c600000|  0%| F|  |TAMS 0x000000008c500000, 0x000000008c500000| Untracked 
| 122|0x000000008c600000, 0x000000008c600000, 0x000000008c700000|  0%| F|  |TAMS 0x000000008c600000, 0x000000008c600000| Untracked 
| 123|0x000000008c700000, 0x000000008c700000, 0x000000008c800000|  0%| F|  |TAMS 0x000000008c700000, 0x000000008c700000| Untracked 
| 124|0x000000008c800000, 0x000000008c800000, 0x000000008c900000|  0%| F|  |TAMS 0x000000008c800000, 0x000000008c800000| Untracked 
| 125|0x000000008c900000, 0x000000008c900000, 0x000000008ca00000|  0%| F|  |TAMS 0x000000008c900000, 0x000000008c900000| Untracked 
| 126|0x000000008ca00000, 0x000000008ca00000, 0x000000008cb00000|  0%| F|  |TAMS 0x000000008ca00000, 0x000000008ca00000| Untracked 
| 127|0x000000008cb00000, 0x000000008cb00000, 0x000000008cc00000|  0%| F|  |TAMS 0x000000008cb00000, 0x000000008cb00000| Untracked 
| 128|0x000000008cc00000, 0x000000008cc00000, 0x000000008cd00000|  0%| F|  |TAMS 0x000000008cc00000, 0x000000008cc00000| Untracked 
| 129|0x000000008cd00000, 0x000000008cd00000, 0x000000008ce00000|  0%| F|  |TAMS 0x000000008cd00000, 0x000000008cd00000| Untracked 
| 130|0x000000008ce00000, 0x000000008ce00000, 0x000000008cf00000|  0%| F|  |TAMS 0x000000008ce00000, 0x000000008ce00000| Untracked 
| 131|0x000000008cf00000, 0x000000008cf00000, 0x000000008d000000|  0%| F|  |TAMS 0x000000008cf00000, 0x000000008cf00000| Untracked 
| 132|0x000000008d000000, 0x000000008d000000, 0x000000008d100000|  0%| F|  |TAMS 0x000000008d000000, 0x000000008d000000| Untracked 
| 133|0x000000008d100000, 0x000000008d100000, 0x000000008d200000|  0%| F|  |TAMS 0x000000008d100000, 0x000000008d100000| Untracked 
| 134|0x000000008d200000, 0x000000008d200000, 0x000000008d300000|  0%| F|  |TAMS 0x000000008d200000, 0x000000008d200000| Untracked 
| 135|0x000000008d300000, 0x000000008d300000, 0x000000008d400000|  0%| F|  |TAMS 0x000000008d300000, 0x000000008d300000| Untracked 
| 136|0x000000008d400000, 0x000000008d400000, 0x000000008d500000|  0%| F|  |TAMS 0x000000008d400000, 0x000000008d400000| Untracked 
| 137|0x000000008d500000, 0x000000008d500000, 0x000000008d600000|  0%| F|  |TAMS 0x000000008d500000, 0x000000008d500000| Untracked 
| 138|0x000000008d600000, 0x000000008d600000, 0x000000008d700000|  0%| F|  |TAMS 0x000000008d600000, 0x000000008d600000| Untracked 
| 139|0x000000008d700000, 0x000000008d700000, 0x000000008d800000|  0%| F|  |TAMS 0x000000008d700000, 0x000000008d700000| Untracked 
| 140|0x000000008d800000, 0x000000008d800000, 0x000000008d900000|  0%| F|  |TAMS 0x000000008d800000, 0x000000008d800000| Untracked 
| 141|0x000000008d900000, 0x000000008d900000, 0x000000008da00000|  0%| F|  |TAMS 0x000000008d900000, 0x000000008d900000| Untracked 
| 142|0x000000008da00000, 0x000000008da00000, 0x000000008db00000|  0%| F|  |TAMS 0x000000008da00000, 0x000000008da00000| Untracked 
| 143|0x000000008db00000, 0x000000008db00000, 0x000000008dc00000|  0%| F|  |TAMS 0x000000008db00000, 0x000000008db00000| Untracked 
| 144|0x000000008dc00000, 0x000000008dc00000, 0x000000008dd00000|  0%| F|  |TAMS 0x000000008dc00000, 0x000000008dc00000| Untracked 
| 145|0x000000008dd00000, 0x000000008dd00000, 0x000000008de00000|  0%| F|  |TAMS 0x000000008dd00000, 0x000000008dd00000| Untracked 
| 146|0x000000008de00000, 0x000000008de00000, 0x000000008df00000|  0%| F|  |TAMS 0x000000008de00000, 0x000000008de00000| Untracked 
| 147|0x000000008df00000, 0x000000008df00000, 0x000000008e000000|  0%| F|  |TAMS 0x000000008df00000, 0x000000008df00000| Untracked 
| 148|0x000000008e000000, 0x000000008e000000, 0x000000008e100000|  0%| F|  |TAMS 0x000000008e000000, 0x000000008e000000| Untracked 
| 149|0x000000008e100000, 0x000000008e100000, 0x000000008e200000|  0%| F|  |TAMS 0x000000008e100000, 0x000000008e100000| Untracked 
| 150|0x000000008e200000, 0x000000008e200000, 0x000000008e300000|  0%| F|  |TAMS 0x000000008e200000, 0x000000008e200000| Untracked 
| 151|0x000000008e300000, 0x000000008e300000, 0x000000008e400000|  0%| F|  |TAMS 0x000000008e300000, 0x000000008e300000| Untracked 
| 152|0x000000008e400000, 0x000000008e400000, 0x000000008e500000|  0%| F|  |TAMS 0x000000008e400000, 0x000000008e400000| Untracked 
| 153|0x000000008e500000, 0x000000008e500000, 0x000000008e600000|  0%| F|  |TAMS 0x000000008e500000, 0x000000008e500000| Untracked 
| 154|0x000000008e600000, 0x000000008e600000, 0x000000008e700000|  0%| F|  |TAMS 0x000000008e600000, 0x000000008e600000| Untracked 
| 155|0x000000008e700000, 0x000000008e700000, 0x000000008e800000|  0%| F|  |TAMS 0x000000008e700000, 0x000000008e700000| Untracked 
| 156|0x000000008e800000, 0x000000008e800000, 0x000000008e900000|  0%| F|  |TAMS 0x000000008e800000, 0x000000008e800000| Untracked 
| 157|0x000000008e900000, 0x000000008e900000, 0x000000008ea00000|  0%| F|  |TAMS 0x000000008e900000, 0x000000008e900000| Untracked 
| 158|0x000000008ea00000, 0x000000008ea00000, 0x000000008eb00000|  0%| F|  |TAMS 0x000000008ea00000, 0x000000008ea00000| Untracked 
| 159|0x000000008eb00000, 0x000000008eb00000, 0x000000008ec00000|  0%| F|  |TAMS 0x000000008eb00000, 0x000000008eb00000| Untracked 
| 160|0x000000008ec00000, 0x000000008ec00000, 0x000000008ed00000|  0%| F|  |TAMS 0x000000008ec00000, 0x000000008ec00000| Untracked 
| 161|0x000000008ed00000, 0x000000008ed00000, 0x000000008ee00000|  0%| F|  |TAMS 0x000000008ed00000, 0x000000008ed00000| Untracked 
| 162|0x000000008ee00000, 0x000000008ee00000, 0x000000008ef00000|  0%| F|  |TAMS 0x000000008ee00000, 0x000000008ee00000| Untracked 
| 163|0x000000008ef00000, 0x000000008ef00000, 0x000000008f000000|  0%| F|  |TAMS 0x000000008ef00000, 0x000000008ef00000| Untracked 
| 164|0x000000008f000000, 0x000000008f000000, 0x000000008f100000|  0%| F|  |TAMS 0x000000008f000000, 0x000000008f000000| Untracked 
| 165|0x000000008f100000, 0x000000008f100000, 0x000000008f200000|  0%| F|  |TAMS 0x000000008f100000, 0x000000008f100000| Untracked 
| 166|0x000000008f200000, 0x000000008f200000, 0x000000008f300000|  0%| F|  |TAMS 0x000000008f200000, 0x000000008f200000| Untracked 
| 167|0x000000008f300000, 0x000000008f300000, 0x000000008f400000|  0%| F|  |TAMS 0x000000008f300000, 0x000000008f300000| Untracked 
| 168|0x000000008f400000, 0x000000008f400000, 0x000000008f500000|  0%| F|  |TAMS 0x000000008f400000, 0x000000008f400000| Untracked 
| 169|0x000000008f500000, 0x000000008f500000, 0x000000008f600000|  0%| F|  |TAMS 0x000000008f500000, 0x000000008f500000| Untracked 
| 170|0x000000008f600000, 0x000000008f600000, 0x000000008f700000|  0%| F|  |TAMS 0x000000008f600000, 0x000000008f600000| Untracked 
| 171|0x000000008f700000, 0x000000008f700000, 0x000000008f800000|  0%| F|  |TAMS 0x000000008f700000, 0x000000008f700000| Untracked 
| 172|0x000000008f800000, 0x000000008f800000, 0x000000008f900000|  0%| F|  |TAMS 0x000000008f800000, 0x000000008f800000| Untracked 
| 173|0x000000008f900000, 0x000000008f900000, 0x000000008fa00000|  0%| F|  |TAMS 0x000000008f900000, 0x000000008f900000| Untracked 
| 174|0x000000008fa00000, 0x000000008fa00000, 0x000000008fb00000|  0%| F|  |TAMS 0x000000008fa00000, 0x000000008fa00000| Untracked 
| 175|0x000000008fb00000, 0x000000008fb00000, 0x000000008fc00000|  0%| F|  |TAMS 0x000000008fb00000, 0x000000008fb00000| Untracked 
| 176|0x000000008fc00000, 0x000000008fc00000, 0x000000008fd00000|  0%| F|  |TAMS 0x000000008fc00000, 0x000000008fc00000| Untracked 
| 177|0x000000008fd00000, 0x000000008fd00000, 0x000000008fe00000|  0%| F|  |TAMS 0x000000008fd00000, 0x000000008fd00000| Untracked 
| 178|0x000000008fe00000, 0x000000008fe00000, 0x000000008ff00000|  0%| F|  |TAMS 0x000000008fe00000, 0x000000008fe00000| Untracked 
| 179|0x000000008ff00000, 0x000000008ff00000, 0x0000000090000000|  0%| F|  |TAMS 0x000000008ff00000, 0x000000008ff00000| Untracked 
| 180|0x0000000090000000, 0x0000000090000000, 0x0000000090100000|  0%| F|  |TAMS 0x0000000090000000, 0x0000000090000000| Untracked 
| 181|0x0000000090100000, 0x0000000090100000, 0x0000000090200000|  0%| F|  |TAMS 0x0000000090100000, 0x0000000090100000| Untracked 
| 182|0x0000000090200000, 0x0000000090200000, 0x0000000090300000|  0%| F|  |TAMS 0x0000000090200000, 0x0000000090200000| Untracked 
| 183|0x0000000090300000, 0x0000000090300000, 0x0000000090400000|  0%| F|  |TAMS 0x0000000090300000, 0x0000000090300000| Untracked 
| 184|0x0000000090400000, 0x0000000090400000, 0x0000000090500000|  0%| F|  |TAMS 0x0000000090400000, 0x0000000090400000| Untracked 
| 185|0x0000000090500000, 0x0000000090500000, 0x0000000090600000|  0%| F|  |TAMS 0x0000000090500000, 0x0000000090500000| Untracked 
| 186|0x0000000090600000, 0x0000000090600000, 0x0000000090700000|  0%| F|  |TAMS 0x0000000090600000, 0x0000000090600000| Untracked 
| 187|0x0000000090700000, 0x0000000090700000, 0x0000000090800000|  0%| F|  |TAMS 0x0000000090700000, 0x0000000090700000| Untracked 
| 188|0x0000000090800000, 0x0000000090800000, 0x0000000090900000|  0%| F|  |TAMS 0x0000000090800000, 0x0000000090800000| Untracked 
| 189|0x0000000090900000, 0x0000000090900000, 0x0000000090a00000|  0%| F|  |TAMS 0x0000000090900000, 0x0000000090900000| Untracked 
| 190|0x0000000090a00000, 0x0000000090a00000, 0x0000000090b00000|  0%| F|  |TAMS 0x0000000090a00000, 0x0000000090a00000| Untracked 
| 191|0x0000000090b00000, 0x0000000090b00000, 0x0000000090c00000|  0%| F|  |TAMS 0x0000000090b00000, 0x0000000090b00000| Untracked 
| 192|0x0000000090c00000, 0x0000000090c00000, 0x0000000090d00000|  0%| F|  |TAMS 0x0000000090c00000, 0x0000000090c00000| Untracked 
| 193|0x0000000090d00000, 0x0000000090d00000, 0x0000000090e00000|  0%| F|  |TAMS 0x0000000090d00000, 0x0000000090d00000| Untracked 
| 194|0x0000000090e00000, 0x0000000090e00000, 0x0000000090f00000|  0%| F|  |TAMS 0x0000000090e00000, 0x0000000090e00000| Untracked 
| 195|0x0000000090f00000, 0x0000000090f00000, 0x0000000091000000|  0%| F|  |TAMS 0x0000000090f00000, 0x0000000090f00000| Untracked 
| 196|0x0000000091000000, 0x0000000091000000, 0x0000000091100000|  0%| F|  |TAMS 0x0000000091000000, 0x0000000091000000| Untracked 
| 197|0x0000000091100000, 0x0000000091100000, 0x0000000091200000|  0%| F|  |TAMS 0x0000000091100000, 0x0000000091100000| Untracked 
| 198|0x0000000091200000, 0x0000000091200000, 0x0000000091300000|  0%| F|  |TAMS 0x0000000091200000, 0x0000000091200000| Untracked 
| 199|0x0000000091300000, 0x0000000091300000, 0x0000000091400000|  0%| F|  |TAMS 0x0000000091300000, 0x0000000091300000| Untracked 
| 200|0x0000000091400000, 0x0000000091400000, 0x0000000091500000|  0%| F|  |TAMS 0x0000000091400000, 0x0000000091400000| Untracked 
| 201|0x0000000091500000, 0x0000000091500000, 0x0000000091600000|  0%| F|  |TAMS 0x0000000091500000, 0x0000000091500000| Untracked 
| 202|0x0000000091600000, 0x0000000091600000, 0x0000000091700000|  0%| F|  |TAMS 0x0000000091600000, 0x0000000091600000| Untracked 
| 203|0x0000000091700000, 0x0000000091700000, 0x0000000091800000|  0%| F|  |TAMS 0x0000000091700000, 0x0000000091700000| Untracked 
| 204|0x0000000091800000, 0x0000000091800000, 0x0000000091900000|  0%| F|  |TAMS 0x0000000091800000, 0x0000000091800000| Untracked 
| 205|0x0000000091900000, 0x0000000091900000, 0x0000000091a00000|  0%| F|  |TAMS 0x0000000091900000, 0x0000000091900000| Untracked 
| 206|0x0000000091a00000, 0x0000000091a00000, 0x0000000091b00000|  0%| F|  |TAMS 0x0000000091a00000, 0x0000000091a00000| Untracked 
| 207|0x0000000091b00000, 0x0000000091b00000, 0x0000000091c00000|  0%| F|  |TAMS 0x0000000091b00000, 0x0000000091b00000| Untracked 
| 208|0x0000000091c00000, 0x0000000091c00000, 0x0000000091d00000|  0%| F|  |TAMS 0x0000000091c00000, 0x0000000091c00000| Untracked 
| 209|0x0000000091d00000, 0x0000000091d00000, 0x0000000091e00000|  0%| F|  |TAMS 0x0000000091d00000, 0x0000000091d00000| Untracked 
| 210|0x0000000091e00000, 0x0000000091e00000, 0x0000000091f00000|  0%| F|  |TAMS 0x0000000091e00000, 0x0000000091e00000| Untracked 
| 211|0x0000000091f00000, 0x0000000091f00000, 0x0000000092000000|  0%| F|  |TAMS 0x0000000091f00000, 0x0000000091f00000| Untracked 
| 212|0x0000000092000000, 0x0000000092000000, 0x0000000092100000|  0%| F|  |TAMS 0x0000000092000000, 0x0000000092000000| Untracked 
| 213|0x0000000092100000, 0x0000000092100000, 0x0000000092200000|  0%| F|  |TAMS 0x0000000092100000, 0x0000000092100000| Untracked 
| 214|0x0000000092200000, 0x0000000092200000, 0x0000000092300000|  0%| F|  |TAMS 0x0000000092200000, 0x0000000092200000| Untracked 
| 215|0x0000000092300000, 0x0000000092300000, 0x0000000092400000|  0%| F|  |TAMS 0x0000000092300000, 0x0000000092300000| Untracked 
| 216|0x0000000092400000, 0x0000000092400000, 0x0000000092500000|  0%| F|  |TAMS 0x0000000092400000, 0x0000000092400000| Untracked 
| 217|0x0000000092500000, 0x0000000092500000, 0x0000000092600000|  0%| F|  |TAMS 0x0000000092500000, 0x0000000092500000| Untracked 
| 218|0x0000000092600000, 0x0000000092600000, 0x0000000092700000|  0%| F|  |TAMS 0x0000000092600000, 0x0000000092600000| Untracked 
| 219|0x0000000092700000, 0x0000000092700000, 0x0000000092800000|  0%| F|  |TAMS 0x0000000092700000, 0x0000000092700000| Untracked 
| 220|0x0000000092800000, 0x0000000092800000, 0x0000000092900000|  0%| F|  |TAMS 0x0000000092800000, 0x0000000092800000| Untracked 
| 221|0x0000000092900000, 0x0000000092900000, 0x0000000092a00000|  0%| F|  |TAMS 0x0000000092900000, 0x0000000092900000| Untracked 
| 222|0x0000000092a00000, 0x0000000092a00000, 0x0000000092b00000|  0%| F|  |TAMS 0x0000000092a00000, 0x0000000092a00000| Untracked 
| 223|0x0000000092b00000, 0x0000000092b00000, 0x0000000092c00000|  0%| F|  |TAMS 0x0000000092b00000, 0x0000000092b00000| Untracked 
| 224|0x0000000092c00000, 0x0000000092c00000, 0x0000000092d00000|  0%| F|  |TAMS 0x0000000092c00000, 0x0000000092c00000| Untracked 
| 225|0x0000000092d00000, 0x0000000092d00000, 0x0000000092e00000|  0%| F|  |TAMS 0x0000000092d00000, 0x0000000092d00000| Untracked 
| 226|0x0000000092e00000, 0x0000000092e00000, 0x0000000092f00000|  0%| F|  |TAMS 0x0000000092e00000, 0x0000000092e00000| Untracked 
| 227|0x0000000092f00000, 0x0000000092f00000, 0x0000000093000000|  0%| F|  |TAMS 0x0000000092f00000, 0x0000000092f00000| Untracked 
| 228|0x0000000093000000, 0x0000000093000000, 0x0000000093100000|  0%| F|  |TAMS 0x0000000093000000, 0x0000000093000000| Untracked 
| 229|0x0000000093100000, 0x0000000093100000, 0x0000000093200000|  0%| F|  |TAMS 0x0000000093100000, 0x0000000093100000| Untracked 
| 230|0x0000000093200000, 0x0000000093200000, 0x0000000093300000|  0%| F|  |TAMS 0x0000000093200000, 0x0000000093200000| Untracked 
| 231|0x0000000093300000, 0x0000000093300000, 0x0000000093400000|  0%| F|  |TAMS 0x0000000093300000, 0x0000000093300000| Untracked 
| 232|0x0000000093400000, 0x0000000093400000, 0x0000000093500000|  0%| F|  |TAMS 0x0000000093400000, 0x0000000093400000| Untracked 
| 233|0x0000000093500000, 0x0000000093500000, 0x0000000093600000|  0%| F|  |TAMS 0x0000000093500000, 0x0000000093500000| Untracked 
| 234|0x0000000093600000, 0x0000000093600000, 0x0000000093700000|  0%| F|  |TAMS 0x0000000093600000, 0x0000000093600000| Untracked 
| 235|0x0000000093700000, 0x0000000093700000, 0x0000000093800000|  0%| F|  |TAMS 0x0000000093700000, 0x0000000093700000| Untracked 
| 236|0x0000000093800000, 0x0000000093800000, 0x0000000093900000|  0%| F|  |TAMS 0x0000000093800000, 0x0000000093800000| Untracked 
| 237|0x0000000093900000, 0x0000000093900000, 0x0000000093a00000|  0%| F|  |TAMS 0x0000000093900000, 0x0000000093900000| Untracked 
| 238|0x0000000093a00000, 0x0000000093a00000, 0x0000000093b00000|  0%| F|  |TAMS 0x0000000093a00000, 0x0000000093a00000| Untracked 
| 239|0x0000000093b00000, 0x0000000093b00000, 0x0000000093c00000|  0%| F|  |TAMS 0x0000000093b00000, 0x0000000093b00000| Untracked 
| 240|0x0000000093c00000, 0x0000000093c00000, 0x0000000093d00000|  0%| F|  |TAMS 0x0000000093c00000, 0x0000000093c00000| Untracked 
| 241|0x0000000093d00000, 0x0000000093d00000, 0x0000000093e00000|  0%| F|  |TAMS 0x0000000093d00000, 0x0000000093d00000| Untracked 
| 242|0x0000000093e00000, 0x0000000093e00000, 0x0000000093f00000|  0%| F|  |TAMS 0x0000000093e00000, 0x0000000093e00000| Untracked 
| 243|0x0000000093f00000, 0x0000000093f00000, 0x0000000094000000|  0%| F|  |TAMS 0x0000000093f00000, 0x0000000093f00000| Untracked 
| 244|0x0000000094000000, 0x0000000094000000, 0x0000000094100000|  0%| F|  |TAMS 0x0000000094000000, 0x0000000094000000| Untracked 
| 245|0x0000000094100000, 0x0000000094100000, 0x0000000094200000|  0%| F|  |TAMS 0x0000000094100000, 0x0000000094100000| Untracked 
| 246|0x0000000094200000, 0x0000000094200000, 0x0000000094300000|  0%| F|  |TAMS 0x0000000094200000, 0x0000000094200000| Untracked 
| 247|0x0000000094300000, 0x0000000094300000, 0x0000000094400000|  0%| F|  |TAMS 0x0000000094300000, 0x0000000094300000| Untracked 
| 248|0x0000000094400000, 0x0000000094400000, 0x0000000094500000|  0%| F|  |TAMS 0x0000000094400000, 0x0000000094400000| Untracked 
| 249|0x0000000094500000, 0x0000000094500000, 0x0000000094600000|  0%| F|  |TAMS 0x0000000094500000, 0x0000000094500000| Untracked 
| 250|0x0000000094600000, 0x0000000094600000, 0x0000000094700000|  0%| F|  |TAMS 0x0000000094600000, 0x0000000094600000| Untracked 
| 251|0x0000000094700000, 0x000000009477c338, 0x0000000094800000| 48%| S|CS|TAMS 0x0000000094700000, 0x0000000094700000| Complete 
| 252|0x0000000094800000, 0x0000000094800000, 0x0000000094900000|  0%| F|  |TAMS 0x0000000094800000, 0x0000000094800000| Untracked 
| 253|0x0000000094900000, 0x0000000094a00000, 0x0000000094a00000|100%| S|CS|TAMS 0x0000000094900000, 0x0000000094900000| Complete 
| 254|0x0000000094a00000, 0x0000000094a00000, 0x0000000094b00000|  0%| F|  |TAMS 0x0000000094a00000, 0x0000000094a00000| Untracked 
| 255|0x0000000094b00000, 0x0000000094b00000, 0x0000000094c00000|  0%| F|  |TAMS 0x0000000094b00000, 0x0000000094b00000| Untracked 
| 256|0x0000000094c00000, 0x0000000094c00000, 0x0000000094d00000|  0%| F|  |TAMS 0x0000000094c00000, 0x0000000094c00000| Untracked 
| 257|0x0000000094d00000, 0x0000000094d00000, 0x0000000094e00000|  0%| F|  |TAMS 0x0000000094d00000, 0x0000000094d00000| Untracked 
| 258|0x0000000094e00000, 0x0000000094e00000, 0x0000000094f00000|  0%| F|  |TAMS 0x0000000094e00000, 0x0000000094e00000| Untracked 
| 259|0x0000000094f00000, 0x0000000094f00000, 0x0000000095000000|  0%| F|  |TAMS 0x0000000094f00000, 0x0000000094f00000| Untracked 
| 260|0x0000000095000000, 0x0000000095000000, 0x0000000095100000|  0%| F|  |TAMS 0x0000000095000000, 0x0000000095000000| Untracked 
| 261|0x0000000095100000, 0x0000000095100000, 0x0000000095200000|  0%| F|  |TAMS 0x0000000095100000, 0x0000000095100000| Untracked 
| 262|0x0000000095200000, 0x0000000095200000, 0x0000000095300000|  0%| F|  |TAMS 0x0000000095200000, 0x0000000095200000| Untracked 
| 263|0x0000000095300000, 0x0000000095300000, 0x0000000095400000|  0%| F|  |TAMS 0x0000000095300000, 0x0000000095300000| Untracked 
| 264|0x0000000095400000, 0x0000000095400000, 0x0000000095500000|  0%| F|  |TAMS 0x0000000095400000, 0x0000000095400000| Untracked 
|1970|0x00000000ffe00000, 0x00000000ffe47000, 0x00000000fff00000| 27%|OA|  |TAMS 0x00000000ffe47000, 0x00000000ffe00000| Untracked 
|1971|0x00000000fff00000, 0x00000000fff6a000, 0x0000000100000000| 41%|CA|  |TAMS 0x00000000fff6a000, 0x00000000fff00000| Untracked 

Card table byte_map: [0x00007fcdc3c26000,0x00007fcdc4000000] _byte_map_base: 0x00007fcdc3800000

Marking Bits (Prev, Next): (CMBitMap*) 0x00007fcde0058a78, (CMBitMap*) 0x00007fcde0058ab0
 Prev Bits: [0x00007fcdc197c000, 0x00007fcdc384c000)
 Next Bits: [0x00007fcdbfaac000, 0x00007fcdc197c000)

Polling page: 0x00007fcde5c9d000

Metaspace:

Usage:
  Non-class:     43.15 MB capacity,    42.47 MB ( 98%) used,   545.47 KB (  1%) free+waste,   146.06 KB ( <1%) overhead. 
      Class:      7.10 MB capacity,     6.61 MB ( 93%) used,   429.48 KB (  6%) free+waste,    74.94 KB (  1%) overhead. 
       Both:     50.25 MB capacity,    49.08 MB ( 98%) used,   974.95 KB (  2%) free+waste,   221.00 KB ( <1%) overhead. 

Virtual space:
  Non-class space:       44.00 MB reserved,      43.42 MB ( 99%) committed 
      Class space:        1.00 GB reserved,       7.20 MB ( <1%) committed 
             Both:        1.04 GB reserved,      50.62 MB (  5%) committed 

Chunk freelists:
   Non-Class:  275.00 KB
       Class:  22.00 KB
        Both:  297.00 KB

MaxMetaspaceSize: unlimited
CompressedClassSpaceSize: 1.00 GB

CodeHeap 'non-profiled nmethods': size=238948Kb used=8345Kb max_used=8345Kb free=230603Kb
 bounds [0x00007fcdc8fa9000, 0x00007fcdc97d9000, 0x00007fcdd7902000]
CodeHeap 'non-nmethods': size=6812Kb used=1206Kb max_used=1206Kb free=5605Kb
 bounds [0x00007fcdc8902000, 0x00007fcdc8b72000, 0x00007fcdc8fa9000]
 total_blobs=5657 nmethods=5084 adapters=500
 compilation: enabled
              stopped_count=0, restarted_count=0
 full_count=0

Compilation events (20 events):
Event: 17.291 Thread 0x00007fcde011e800 5089       1       java.util.TreeSet::add (22 bytes)
Event: 17.291 Thread 0x00007fcde011e800 nmethod 5089 0x00007fcdc97c6d10 code [0x00007fcdc97c6ec0, 0x00007fcdc97c6fe0]
Event: 17.300 Thread 0x00007fcde011e800 5090       1       java.util.concurrent.locks.ReentrantReadWriteLock::readLock (5 bytes)
Event: 17.300 Thread 0x00007fcde011e800 nmethod 5090 0x00007fcdc97c7090 code [0x00007fcdc97c7240, 0x00007fcdc97c7310]
Event: 17.327 Thread 0x00007fcde011e800 5091       1       org.apache.catalina.util.LifecycleBase::fireLifecycleEvent (56 bytes)
Event: 17.328 Thread 0x00007fcde011e800 nmethod 5091 0x00007fcdc97c7390 code [0x00007fcdc97c7580, 0x00007fcdc97c78f0]
Event: 17.328 Thread 0x00007fcde011e800 5092       1       org.apache.catalina.LifecycleEvent::<init> (16 bytes)
Event: 17.328 Thread 0x00007fcde011e800 nmethod 5092 0x00007fcdc97c7a10 code [0x00007fcdc97c7be0, 0x00007fcdc97c7ea0]
Event: 18.364 Thread 0x00007fcde011e800 5093   !   1       jdk.xml.internal.JdkXmlFeatures::getSystemProperty (87 bytes)
Event: 18.453 Thread 0x00007fcde011e800 nmethod 5093 0x00007fcdc97c7f90 code [0x00007fcdc97c8220, 0x00007fcdc97c8a10]
Event: 22.830 Thread 0x00007fcde011e800 5094       1       com.sun.org.apache.xerces.internal.util.URI::initializePath (553 bytes)
Event: 23.087 Thread 0x00007fcde011e800 nmethod 5094 0x00007fcdc97c9390 code [0x00007fcdc97c98a0, 0x00007fcdc97cb910]
Event: 71.592 Thread 0x00007fcde011e800 5095       1       org.apache.catalina.util.LifecycleBase::getState (5 bytes)
Event: 71.815 Thread 0x00007fcde011e800 nmethod 5095 0x00007fcdc97cd110 code [0x00007fcdc97cd2c0, 0x00007fcdc97cd390]
Event: 82.657 Thread 0x00007fcde011e800 5096       1       com.sun.org.apache.xml.internal.dtm.ref.DTMDefaultBase::<init> (272 bytes)
Event: 82.757 Thread 0x00007fcde011e800 nmethod 5096 0x00007fcdc97cd410 code [0x00007fcdc97cd6c0, 0x00007fcdc97ce550]
Event: 82.757 Thread 0x00007fcde011e800 5101       1       com.sun.org.apache.xml.internal.dtm.ref.dom2dtm.DOM2DTM::getHandleOfNode (126 bytes)
Event: 82.757 Thread 0x00007fcde011e800 nmethod 5101 0x00007fcdc97cea10 code [0x00007fcdc97cec40, 0x00007fcdc97cefa0]
Event: 83.072 Thread 0x00007fcde011e800 5121       1       java.util.HashMap$Values::size (8 bytes)
Event: 83.081 Thread 0x00007fcde011e800 nmethod 5121 0x00007fcdc97cf110 code [0x00007fcdc97cf2c0, 0x00007fcdc97cf390]

GC Heap History (20 events):
Event: 24.476 GC heap after
{Heap after GC invocations=23 (full 0):
 garbage-first heap   total 273408K, used 41285K [0x0000000084c00000, 0x0000000100000000)
  region size 1024K, 7 young (7168K), 7 survivors (7168K)
 Metaspace       used 50248K, capacity 51455K, committed 51836K, reserved 1093632K
  class space    used 6766K, capacity 7274K, committed 7372K, reserved 1048576K
}
Event: 25.000 GC heap before
{Heap before GC invocations=23 (full 0):
 garbage-first heap   total 273408K, used 197957K [0x0000000084c00000, 0x0000000100000000)
  region size 1024K, 160 young (163840K), 7 survivors (7168K)
 Metaspace       used 50248K, capacity 51455K, committed 51836K, reserved 1093632K
  class space    used 6766K, capacity 7274K, committed 7372K, reserved 1048576K
}
Event: 25.010 GC heap after
{Heap after GC invocations=24 (full 0):
 garbage-first heap   total 273408K, used 41285K [0x0000000084c00000, 0x0000000100000000)
  region size 1024K, 7 young (7168K), 7 survivors (7168K)
 Metaspace       used 50248K, capacity 51455K, committed 51836K, reserved 1093632K
  class space    used 6766K, capacity 7274K, committed 7372K, reserved 1048576K
}
Event: 32.649 GC heap before
{Heap before GC invocations=24 (full 0):
 garbage-first heap   total 273408K, used 197957K [0x0000000084c00000, 0x0000000100000000)
  region size 1024K, 160 young (163840K), 7 survivors (7168K)
 Metaspace       used 50248K, capacity 51455K, committed 51836K, reserved 1093632K
  class space    used 6766K, capacity 7274K, committed 7372K, reserved 1048576K
}
Event: 65.331 GC heap after
{Heap after GC invocations=25 (full 0):
 garbage-first heap   total 273408K, used 42309K [0x0000000084c00000, 0x0000000100000000)
  region size 1024K, 8 young (8192K), 8 survivors (8192K)
 Metaspace       used 50248K, capacity 51455K, committed 51836K, reserved 1093632K
  class space    used 6766K, capacity 7274K, committed 7372K, reserved 1048576K
}
Event: 83.122 GC heap before
{Heap before GC invocations=25 (full 0):
 garbage-first heap   total 273408K, used 46405K [0x0000000084c00000, 0x0000000100000000)
  region size 1024K, 13 young (13312K), 8 survivors (8192K)
 Metaspace       used 50259K, capacity 51455K, committed 51836K, reserved 1093632K
  class space    used 6769K, capacity 7274K, committed 7372K, reserved 1048576K
}
Event: 83.216 GC heap after
{Heap after GC invocations=26 (full 0):
 garbage-first heap   total 273408K, used 42380K [0x0000000084c00000, 0x0000000100000000)
  region size 1024K, 2 young (2048K), 2 survivors (2048K)
 Metaspace       used 50259K, capacity 51455K, committed 51836K, reserved 1093632K
  class space    used 6769K, capacity 7274K, committed 7372K, reserved 1048576K
}
Event: 83.248 GC heap before
{Heap before GC invocations=26 (full 0):
 garbage-first heap   total 273408K, used 53644K [0x0000000084c00000, 0x0000000100000000)
  region size 1024K, 13 young (13312K), 2 survivors (2048K)
 Metaspace       used 50259K, capacity 51455K, committed 51836K, reserved 1093632K
  class space    used 6769K, capacity 7274K, committed 7372K, reserved 1048576K
}
Event: 83.255 GC heap after
{Heap after GC invocations=27 (full 0):
 garbage-first heap   total 273408K, used 41400K [0x0000000084c00000, 0x0000000100000000)
  region size 1024K, 1 young (1024K), 1 survivors (1024K)
 Metaspace       used 50259K, capacity 51455K, committed 51836K, reserved 1093632K
  class space    used 6769K, capacity 7274K, committed 7372K, reserved 1048576K
}
Event: 83.292 GC heap before
{Heap before GC invocations=27 (full 0):
 garbage-first heap   total 273408K, used 53688K [0x0000000084c00000, 0x0000000100000000)
  region size 1024K, 13 young (13312K), 1 survivors (1024K)
 Metaspace       used 50259K, capacity 51455K, committed 51836K, reserved 1093632K
  class space    used 6769K, capacity 7274K, committed 7372K, reserved 1048576K
}
Event: 83.293 GC heap after
{Heap after GC invocations=28 (full 0):
 garbage-first heap   total 273408K, used 41358K [0x0000000084c00000, 0x0000000100000000)
  region size 1024K, 1 young (1024K), 1 survivors (1024K)
 Metaspace       used 50259K, capacity 51455K, committed 51836K, reserved 1093632K
  class space    used 6769K, capacity 7274K, committed 7372K, reserved 1048576K
}
Event: 83.327 GC heap before
{Heap before GC invocations=28 (full 0):
 garbage-first heap   total 273408K, used 53646K [0x0000000084c00000, 0x0000000100000000)
  region size 1024K, 13 young (13312K), 1 survivors (1024K)
 Metaspace       used 50259K, capacity 51455K, committed 51836K, reserved 1093632K
  class space    used 6769K, capacity 7274K, committed 7372K, reserved 1048576K
}
Event: 83.328 GC heap after
{Heap after GC invocations=29 (full 0):
 garbage-first heap   total 273408K, used 41563K [0x0000000084c00000, 0x0000000100000000)
  region size 1024K, 1 young (1024K), 1 survivors (1024K)
 Metaspace       used 50259K, capacity 51455K, committed 51836K, reserved 1093632K
  class space    used 6769K, capacity 7274K, committed 7372K, reserved 1048576K
}
Event: 83.364 GC heap before
{Heap before GC invocations=29 (full 0):
 garbage-first heap   total 273408K, used 53851K [0x0000000084c00000, 0x0000000100000000)
  region size 1024K, 13 young (13312K), 1 survivors (1024K)
 Metaspace       used 50259K, capacity 51455K, committed 51836K, reserved 1093632K
  class space    used 6769K, capacity 7274K, committed 7372K, reserved 1048576K
}
Event: 83.366 GC heap after
{Heap after GC invocations=30 (full 0):
 garbage-first heap   total 273408K, used 41608K [0x0000000084c00000, 0x0000000100000000)
  region size 1024K, 1 young (1024K), 1 survivors (1024K)
 Metaspace       used 50259K, capacity 51455K, committed 51836K, reserved 1093632K
  class space    used 6769K, capacity 7274K, committed 7372K, reserved 1048576K
}
Event: 83.400 GC heap before
{Heap before GC invocations=30 (full 0):
 garbage-first heap   total 273408K, used 53896K [0x0000000084c00000, 0x0000000100000000)
  region size 1024K, 13 young (13312K), 1 survivors (1024K)
 Metaspace       used 50259K, capacity 51455K, committed 51836K, reserved 1093632K
  class space    used 6769K, capacity 7274K, committed 7372K, reserved 1048576K
}
Event: 83.401 GC heap after
{Heap after GC invocations=31 (full 0):
 garbage-first heap   total 273408K, used 41877K [0x0000000084c00000, 0x0000000100000000)
  region size 1024K, 1 young (1024K), 1 survivors (1024K)
 Metaspace       used 50259K, capacity 51455K, committed 51836K, reserved 1093632K
  class space    used 6769K, capacity 7274K, committed 7372K, reserved 1048576K
}
Event: 83.434 GC heap before
{Heap before GC invocations=31 (full 0):
 garbage-first heap   total 273408K, used 54165K [0x0000000084c00000, 0x0000000100000000)
  region size 1024K, 13 young (13312K), 1 survivors (1024K)
 Metaspace       used 50259K, capacity 51455K, committed 51836K, reserved 1093632K
  class space    used 6769K, capacity 7274K, committed 7372K, reserved 1048576K
}
Event: 83.435 GC heap after
{Heap after GC invocations=32 (full 0):
 garbage-first heap   total 273408K, used 42062K [0x0000000084c00000, 0x0000000100000000)
  region size 1024K, 2 young (2048K), 2 survivors (2048K)
 Metaspace       used 50259K, capacity 51455K, committed 51836K, reserved 1093632K
  class space    used 6769K, capacity 7274K, committed 7372K, reserved 1048576K
}
Event: 83.466 GC heap before
{Heap before GC invocations=32 (full 0):
 garbage-first heap   total 273408K, used 53326K [0x0000000084c00000, 0x0000000100000000)
  region size 1024K, 13 young (13312K), 2 survivors (2048K)
 Metaspace       used 50259K, capacity 51455K, committed 51836K, reserved 1093632K
  class space    used 6769K, capacity 7274K, committed 7372K, reserved 1048576K
}

Deoptimization events (4 events):
Event: 7.355 Thread 0x00007fcde0019000 DEOPT PACKING pc=0x00007fcdc925169d sp=0x00007fcde4434fc0
Event: 7.356 Thread 0x00007fcde0019000 DEOPT UNPACKING pc=0x00007fcdc89285ba sp=0x00007fcde44344e8 mode 3
Event: 7.357 Thread 0x00007fcde0019000 DEOPT PACKING pc=0x00007fcdc921f9ee sp=0x00007fcde4434f80
Event: 7.357 Thread 0x00007fcde0019000 DEOPT UNPACKING pc=0x00007fcdc89285ba sp=0x00007fcde44344e8 mode 3

Classes redefined (0 events):
No events

Internal exceptions (20 events):
Event: 7.325 Thread 0x00007fcde0019000 Implicit null exception at 0x00007fcdc926690d to 0x00007fcdc9266c57
Event: 7.325 Thread 0x00007fcde0019000 Exception <a 'java/lang/NullPointerException'{0x000000008b193e88}> (0x000000008b193e88) thrown at [src/hotspot/share/runtime/sharedRuntime.cpp, line 584]
Event: 7.325 Thread 0x00007fcde0019000 Implicit null exception at 0x00007fcdc926690d to 0x00007fcdc9266c57
Event: 7.325 Thread 0x00007fcde0019000 Exception <a 'java/lang/NullPointerException'{0x000000008b194cc8}> (0x000000008b194cc8) thrown at [src/hotspot/share/runtime/sharedRuntime.cpp, line 584]
Event: 7.337 Thread 0x00007fcde0019000 Implicit null exception at 0x00007fcdc926690d to 0x00007fcdc9266c57
Event: 7.337 Thread 0x00007fcde0019000 Exception <a 'java/lang/NullPointerException'{0x000000008b1fe7e0}> (0x000000008b1fe7e0) thrown at [src/hotspot/share/runtime/sharedRuntime.cpp, line 584]
Event: 7.643 Thread 0x00007fcde0019000 Exception <a 'java/lang/NoSuchMethodError'{0x000000008a9239e8}: 'int java.lang.invoke.DirectMethodHandle$Holder.invokeStaticInit(java.lang.Object, java.lang.Object, java.lang.Object, java.lang.Object)'> (0x000000008a9239e8) thrown at [src/hotspot/share/interpreter/linkResolver.cpp, line 773]
Event: 8.986 Thread 0x00007fcde0019000 Exception <a 'java/lang/NoClassDefFoundError'{0x000000008a5832a8}: sun/reflect/Reflection> (0x000000008a5832a8) thrown at [src/hotspot/share/classfile/systemDictionary.cpp, line 220]
Event: 9.524 Thread 0x00007fcde0113000 Exception <a 'java/net/SocketException'{0x000000008e1824a8}> (0x000000008e1824a8) thrown at [src/hotspot/share/prims/jni.cpp, line 615]
Event: 11.940 Thread 0x00007fcde0019000 Exception <a 'java/lang/NoSuchMethodError'{0x000000008b9162b0}: 'void java.lang.invoke.DirectMethodHandle$Holder.invokeInterface(java.lang.Object, java.lang.Object)'> (0x000000008b9162b0) thrown at [src/hotspot/share/interpreter/linkResolver.cpp, line 773]
Event: 13.111 Thread 0x00007fcde0019000 Exception <a 'java/lang/NoSuchMethodError'{0x000000008b4e1280}: 'void java.lang.invoke.DirectMethodHandle$Holder.invokeVirtual(java.lang.Object, java.lang.Object, int)'> (0x000000008b4e1280) thrown at [src/hotspot/share/interpreter/linkResolver.cpp, line 773]
Event: 13.119 Thread 0x00007fcde0019000 Exception <a 'java/lang/NoSuchMethodError'{0x000000008b326e30}: 'void java.lang.invoke.DirectMethodHandle$Holder.invokeVirtual(java.lang.Object, java.lang.Object, long)'> (0x000000008b326e30) thrown at [src/hotspot/share/interpreter/linkResolver.cpp, line 773]
Event: 13.120 Thread 0x00007fcde0019000 Exception <a 'java/lang/NoSuchMethodError'{0x000000008b336680}: 'void java.lang.invoke.DirectMethodHandle$Holder.invokeVirtual(java.lang.Object, java.lang.Object, float)'> (0x000000008b336680) thrown at [src/hotspot/share/interpreter/linkResolver.cpp, line 773]
Event: 13.293 Thread 0x00007fcde0019000 Exception <a 'java/lang/NoSuchMethodError'{0x000000008aef3388}: 'int java.lang.invoke.DirectMethodHandle$Holder.invokeStatic(java.lang.Object, java.lang.Object, java.lang.Object, java.lang.Object, java.lang.Object)'> (0x000000008aef3388) thrown at [src/hotspot/share/interpreter/linkResolver.cpp, line 773]
Event: 13.358 Thread 0x00007fcde0019000 Exception <a 'java/lang/NoSuchMethodError'{0x000000008acfd468}: 'void java.lang.invoke.Invokers$Holder.invoke_MT(java.lang.Object, java.lang.Object)'> (0x000000008acfd468) thrown at [src/hotspot/share/interpreter/linkResolver.cpp, line 773]
Event: 15.298 Thread 0x00007fcde0113000 Exception <a 'java/net/SocketException'{0x0000000090081278}> (0x0000000090081278) thrown at [src/hotspot/share/prims/jni.cpp, line 615]
Event: 15.300 Thread 0x00007fcde0113000 Exception <a 'java/net/SocketException'{0x0000000090082598}> (0x0000000090082598) thrown at [src/hotspot/share/prims/jni.cpp, line 615]
Event: 15.301 Thread 0x00007fcde0113000 Exception <a 'java/net/SocketException'{0x00000000900838b8}> (0x00000000900838b8) thrown at [src/hotspot/share/prims/jni.cpp, line 615]
Event: 15.315 Thread 0x00007fcde0019000 Exception <a 'java/lang/NoSuchMethodError'{0x000000008fe3fad0}: 'void java.lang.invoke.DirectMethodHandle$Holder.invokeStaticInit(java.lang.Object)'> (0x000000008fe3fad0) thrown at [src/hotspot/share/interpreter/linkResolver.cpp, line 773]
Event: 15.319 Thread 0x00007fcde0019000 Exception <a 'java/lang/NoSuchMethodError'{0x000000008fe6a960}: 'org.slf4j.impl.StaticMarkerBinder org.slf4j.impl.StaticMarkerBinder.getSingleton()'> (0x000000008fe6a960) thrown at [src/hotspot/share/interpreter/linkResolver.cpp, line 773]

Events (20 events):
Event: 82.906 loading class org/camunda/bpm/engine/history/ReportResult done
Event: 82.953 loading class org/camunda/bpm/engine/impl/persistence/entity/ReportResultEntity
Event: 82.953 loading class org/camunda/bpm/engine/impl/persistence/entity/ReportResultEntity done
Event: 83.043 loading class org/camunda/bpm/engine/query/PeriodUnit
Event: 83.043 loading class org/camunda/bpm/engine/query/PeriodUnit done
Event: 83.110 Executing VM operation: G1CollectForAllocation
Event: 83.216 Executing VM operation: G1CollectForAllocation done
Event: 83.248 Executing VM operation: G1CollectForAllocation
Event: 83.255 Executing VM operation: G1CollectForAllocation done
Event: 83.292 Executing VM operation: G1CollectForAllocation
Event: 83.293 Executing VM operation: G1CollectForAllocation done
Event: 83.327 Executing VM operation: G1CollectForAllocation
Event: 83.328 Executing VM operation: G1CollectForAllocation done
Event: 83.364 Executing VM operation: G1CollectForAllocation
Event: 83.366 Executing VM operation: G1CollectForAllocation done
Event: 83.400 Executing VM operation: G1CollectForAllocation
Event: 83.401 Executing VM operation: G1CollectForAllocation done
Event: 83.434 Executing VM operation: G1CollectForAllocation
Event: 83.436 Executing VM operation: G1CollectForAllocation done
Event: 83.466 Executing VM operation: G1CollectForAllocation


Dynamic libraries:
84c00000-95500000 rw-p 00000000 00:00 0 
b6b00000-ffe00000 ---p 00000000 00:00 0 
ffe00000-ffe47000 rw-p 0110d000 08:01 917940                             /usr/lib/jvm/java-11-openjdk-amd64/lib/server/classes.jsa
ffe47000-fff00000 rw-p 00000000 00:00 0 
fff00000-fff6a000 rw-p 010a3000 08:01 917940                             /usr/lib/jvm/java-11-openjdk-amd64/lib/server/classes.jsa
fff6a000-100000000 rw-p 00000000 00:00 0 
800000000-800002000 rwxp 00001000 08:01 917940                           /usr/lib/jvm/java-11-openjdk-amd64/lib/server/classes.jsa
800002000-8003b9000 rw-p 00003000 08:01 917940                           /usr/lib/jvm/java-11-openjdk-amd64/lib/server/classes.jsa
8003b9000-800a94000 r--p 003ba000 08:01 917940                           /usr/lib/jvm/java-11-openjdk-amd64/lib/server/classes.jsa
800a94000-800a95000 rw-p 00a95000 08:01 917940                           /usr/lib/jvm/java-11-openjdk-amd64/lib/server/classes.jsa
800a95000-8010a2000 r--p 00a96000 08:01 917940                           /usr/lib/jvm/java-11-openjdk-amd64/lib/server/classes.jsa
840000000-840733000 rw-p 00000000 00:00 0 
840733000-880000000 ---p 00000000 00:00 0 
56544f8de000-56544f8df000 r--p 00000000 08:01 922265                     /usr/lib/jvm/java-11-openjdk-amd64/bin/java
56544f8df000-56544f8e0000 r-xp 00001000 08:01 922265                     /usr/lib/jvm/java-11-openjdk-amd64/bin/java
56544f8e0000-56544f8e1000 r--p 00002000 08:01 922265                     /usr/lib/jvm/java-11-openjdk-amd64/bin/java
56544f8e1000-56544f8e2000 r--p 00002000 08:01 922265                     /usr/lib/jvm/java-11-openjdk-amd64/bin/java
56544f8e2000-56544f8e3000 rw-p 00003000 08:01 922265                     /usr/lib/jvm/java-11-openjdk-amd64/bin/java
56544f941000-56544f962000 rw-p 00000000 00:00 0                          [heap]
7fcd64000000-7fcd64021000 rw-p 00000000 00:00 0 
7fcd64021000-7fcd68000000 ---p 00000000 00:00 0 
7fcd6c000000-7fcd6c021000 rw-p 00000000 00:00 0 
7fcd6c021000-7fcd70000000 ---p 00000000 00:00 0 
7fcd70000000-7fcd70021000 rw-p 00000000 00:00 0 
7fcd70021000-7fcd74000000 ---p 00000000 00:00 0 
7fcd74000000-7fcd742ec000 rw-p 00000000 00:00 0 
7fcd742ec000-7fcd78000000 ---p 00000000 00:00 0 
7fcd78000000-7fcd78021000 rw-p 00000000 00:00 0 
7fcd78021000-7fcd7c000000 ---p 00000000 00:00 0 
7fcd7c000000-7fcd7c021000 rw-p 00000000 00:00 0 
7fcd7c021000-7fcd80000000 ---p 00000000 00:00 0 
7fcd80000000-7fcd80021000 rw-p 00000000 00:00 0 
7fcd80021000-7fcd84000000 ---p 00000000 00:00 0 
7fcd84000000-7fcd84021000 rw-p 00000000 00:00 0 
7fcd84021000-7fcd88000000 ---p 00000000 00:00 0 
7fcd88000000-7fcd88021000 rw-p 00000000 00:00 0 
7fcd88021000-7fcd8c000000 ---p 00000000 00:00 0 
7fcd8c000000-7fcd8c021000 rw-p 00000000 00:00 0 
7fcd8c021000-7fcd90000000 ---p 00000000 00:00 0 
7fcd90000000-7fcd90021000 rw-p 00000000 00:00 0 
7fcd90021000-7fcd94000000 ---p 00000000 00:00 0 
7fcd951f2000-7fcd95372000 rw-p 00000000 00:00 0 
7fcd95372000-7fcd953f2000 ---p 00000000 00:00 0 
7fcd953f2000-7fcd955f2000 rw-p 00000000 00:00 0 
7fcd955f2000-7fcd957f2000 rw-p 00000000 00:00 0 
7fcd957f2000-7fcd959f2000 rw-p 00000000 00:00 0 
7fcd959f2000-7fcd95bf2000 rw-p 00000000 00:00 0 
7fcd95bf2000-7fcd95df2000 rw-p 00000000 00:00 0 
7fcd95df2000-7fcd95ff2000 rw-p 00000000 00:00 0 
7fcd95ff2000-7fcd961f2000 rw-p 00000000 00:00 0 
7fcd961f2000-7fcd963f2000 rw-p 00000000 00:00 0 
7fcd963f2000-7fcd965f2000 rw-p 00000000 00:00 0 
7fcd965f2000-7fcd965f6000 ---p 00000000 00:00 0 
7fcd965f6000-7fcd966f3000 rw-p 00000000 00:00 0 
7fcd966f3000-7fcd966f7000 ---p 00000000 00:00 0 
7fcd966f7000-7fcd967f4000 rw-p 00000000 00:00 0 
7fcd967f4000-7fcd967f8000 ---p 00000000 00:00 0 
7fcd967f8000-7fcd96af5000 rw-p 00000000 00:00 0 
7fcd96af5000-7fcd96cf5000 rw-p 00000000 00:00 0 
7fcd96cf5000-7fcd96ef5000 rw-p 00000000 00:00 0 
7fcd96ef5000-7fcd970e1000 rw-p 00000000 00:00 0 
7fcd970e1000-7fcd970f5000 ---p 00000000 00:00 0 
7fcd970f5000-7fcd972f5000 rw-p 00000000 00:00 0 
7fcd972f5000-7fcd974f5000 rw-p 00000000 00:00 0 
7fcd974f5000-7fcd976f5000 rw-p 00000000 00:00 0 
7fcd976f5000-7fcd978f5000 rw-p 00000000 00:00 0 
7fcd978f5000-7fcd978f6000 ---p 00000000 00:00 0 
7fcd978f6000-7fcd979f7000 rw-p 00000000 00:00 0 
7fcd979f7000-7fcd979fb000 ---p 00000000 00:00 0 
7fcd979fb000-7fcd97af8000 rw-p 00000000 00:00 0 
7fcd97af8000-7fcd97af9000 ---p 00000000 00:00 0 
7fcd97af9000-7fcd97bfa000 rw-p 00000000 00:00 0 
7fcd97bfa000-7fcd97bfb000 ---p 00000000 00:00 0 
7fcd97bfb000-7fcd97cfc000 rw-p 00000000 00:00 0 
7fcd97cfc000-7fcd97d00000 ---p 00000000 00:00 0 
7fcd97d00000-7fcd97dfd000 rw-p 00000000 00:00 0 
7fcd97dfd000-7fcd97dfe000 ---p 00000000 00:00 0 
7fcd97dfe000-7fcd97eff000 rw-p 00000000 00:00 0 
7fcd97eff000-7fcd97f03000 ---p 00000000 00:00 0 
7fcd97f03000-7fcd98000000 rw-p 00000000 00:00 0 
7fcd98000000-7fcd98021000 rw-p 00000000 00:00 0 
7fcd98021000-7fcd9c000000 ---p 00000000 00:00 0 
7fcd9c000000-7fcd9c397000 rw-p 00000000 00:00 0 
7fcd9c397000-7fcda0000000 ---p 00000000 00:00 0 
7fcda0000000-7fcda0021000 rw-p 00000000 00:00 0 
7fcda0021000-7fcda4000000 ---p 00000000 00:00 0 
7fcda4000000-7fcda4021000 rw-p 00000000 00:00 0 
7fcda4021000-7fcda8000000 ---p 00000000 00:00 0 
7fcda8000000-7fcda8021000 rw-p 00000000 00:00 0 
7fcda8021000-7fcdac000000 ---p 00000000 00:00 0 
7fcdac000000-7fcdac08d000 rw-p 00000000 00:00 0 
7fcdac08d000-7fcdb0000000 ---p 00000000 00:00 0 
7fcdb0000000-7fcdb0021000 rw-p 00000000 00:00 0 
7fcdb0021000-7fcdb4000000 ---p 00000000 00:00 0 
7fcdb4000000-7fcdb4021000 rw-p 00000000 00:00 0 
7fcdb4021000-7fcdb8000000 ---p 00000000 00:00 0 
7fcdb8000000-7fcdb8021000 rw-p 00000000 00:00 0 
7fcdb8021000-7fcdbc000000 ---p 00000000 00:00 0 
7fcdbc090000-7fcdbc098000 r--p 00000000 08:01 930953                     /usr/lib/jvm/java-11-openjdk-amd64/lib/libsunec.so
7fcdbc098000-7fcdbc0b0000 r-xp 00008000 08:01 930953                     /usr/lib/jvm/java-11-openjdk-amd64/lib/libsunec.so
7fcdbc0b0000-7fcdbc0ba000 r--p 00020000 08:01 930953                     /usr/lib/jvm/java-11-openjdk-amd64/lib/libsunec.so
7fcdbc0ba000-7fcdbc0bb000 ---p 0002a000 08:01 930953                     /usr/lib/jvm/java-11-openjdk-amd64/lib/libsunec.so
7fcdbc0bb000-7fcdbc0bf000 r--p 0002a000 08:01 930953                     /usr/lib/jvm/java-11-openjdk-amd64/lib/libsunec.so
7fcdbc0bf000-7fcdbc0c1000 rw-p 0002e000 08:01 930953                     /usr/lib/jvm/java-11-openjdk-amd64/lib/libsunec.so
7fcdbc0c1000-7fcdbc0f2000 rw-p 00000000 00:00 0 
7fcdbc0f2000-7fcdbc0f6000 ---p 00000000 00:00 0 
7fcdbc0f6000-7fcdbc1f3000 rw-p 00000000 00:00 0 
7fcdbc1f3000-7fcdbc1f7000 ---p 00000000 00:00 0 
7fcdbc1f7000-7fcdbc2f4000 rw-p 00000000 00:00 0 
7fcdbc2f4000-7fcdbc2f8000 ---p 00000000 00:00 0 
7fcdbc2f8000-7fcdbc3f5000 rw-p 00000000 00:00 0 
7fcdbc3f5000-7fcdbc448000 r--p 00000000 08:01 2804503                    /usr/lib/locale/aa_DJ.utf8/LC_CTYPE
7fcdbc448000-7fcdbc6c0000 r--p 00000000 08:01 2804502                    /usr/lib/locale/aa_DJ.utf8/LC_COLLATE
7fcdbc6c0000-7fcdbc6c4000 ---p 00000000 00:00 0 
7fcdbc6c4000-7fcdbc7c1000 rw-p 00000000 00:00 0 
7fcdbc7c1000-7fcdbc7c5000 ---p 00000000 00:00 0 
7fcdbc7c5000-7fcdbc8c2000 rw-p 00000000 00:00 0 
7fcdbc8c2000-7fcdbc8c3000 ---p 00000000 00:00 0 
7fcdbc8c3000-7fcdbd2a0000 rw-p 00000000 00:00 0 
7fcdbd2a0000-7fcdbd2a1000 ---p 00000000 00:00 0 
7fcdbd2a1000-7fcdbd3a2000 rw-p 00000000 00:00 0 
7fcdbd3a2000-7fcdbd3a3000 ---p 00000000 00:00 0 
7fcdbd3a3000-7fcdbf8a8000 rw-p 00000000 00:00 0 
7fcdbf8a8000-7fcdbf8a9000 ---p 00000000 00:00 0 
7fcdbf8a9000-7fcdbf9aa000 rw-p 00000000 00:00 0 
7fcdbf9aa000-7fcdbf9ab000 ---p 00000000 00:00 0 
7fcdbf9ab000-7fcdbfed0000 rw-p 00000000 00:00 0 
7fcdbfed0000-7fcdc1974000 ---p 00000000 00:00 0 
7fcdc1974000-7fcdc1da0000 rw-p 00000000 00:00 0 
7fcdc1da0000-7fcdc3844000 ---p 00000000 00:00 0 
7fcdc3844000-7fcdc38d1000 rw-p 00000000 00:00 0 
7fcdc38d1000-7fcdc3c25000 ---p 00000000 00:00 0 
7fcdc3c25000-7fcdc3cab000 rw-p 00000000 00:00 0 
7fcdc3cab000-7fcdc3fff000 ---p 00000000 00:00 0 
7fcdc3fff000-7fcdc4000000 rw-p 00000000 00:00 0 
7fcdc4000000-7fcdc4021000 rw-p 00000000 00:00 0 
7fcdc4021000-7fcdc8000000 ---p 00000000 00:00 0 
7fcdc8022000-7fcdc80a7000 rw-p 00000000 00:00 0 
7fcdc80a7000-7fcdc83fb000 ---p 00000000 00:00 0 
7fcdc83fb000-7fcdc8800000 rw-p 00000000 00:00 0 
7fcdc8800000-7fcdc8801000 ---p 00000000 00:00 0 
7fcdc8801000-7fcdc8902000 rw-p 00000000 00:00 0 
7fcdc8902000-7fcdc8b72000 rwxp 00000000 00:00 0 
7fcdc8b72000-7fcdc8fa9000 ---p 00000000 00:00 0 
7fcdc8fa9000-7fcdc97d9000 rwxp 00000000 00:00 0 
7fcdc97d9000-7fcdd7902000 ---p 00000000 00:00 0 
7fcdd7902000-7fcde0000000 r--s 00000000 08:01 930957                     /usr/lib/jvm/java-11-openjdk-amd64/lib/modules
7fcde0000000-7fcde194e000 rw-p 00000000 00:00 0 
7fcde194e000-7fcde4000000 ---p 00000000 00:00 0 
7fcde4001000-7fcde4002000 r--p 00000000 08:01 927065                     /usr/lib/jvm/java-11-openjdk-amd64/lib/libextnet.so
7fcde4002000-7fcde4003000 r-xp 00001000 08:01 927065                     /usr/lib/jvm/java-11-openjdk-amd64/lib/libextnet.so
7fcde4003000-7fcde4004000 r--p 00002000 08:01 927065                     /usr/lib/jvm/java-11-openjdk-amd64/lib/libextnet.so
7fcde4004000-7fcde4005000 r--p 00002000 08:01 927065                     /usr/lib/jvm/java-11-openjdk-amd64/lib/libextnet.so
7fcde4005000-7fcde4006000 rw-p 00003000 08:01 927065                     /usr/lib/jvm/java-11-openjdk-amd64/lib/libextnet.so
7fcde4006000-7fcde4008000 r--p 00000000 08:01 930945                     /usr/lib/jvm/java-11-openjdk-amd64/lib/libmanagement_ext.so
7fcde4008000-7fcde400a000 r-xp 00002000 08:01 930945                     /usr/lib/jvm/java-11-openjdk-amd64/lib/libmanagement_ext.so
7fcde400a000-7fcde400b000 r--p 00004000 08:01 930945                     /usr/lib/jvm/java-11-openjdk-amd64/lib/libmanagement_ext.so
7fcde400b000-7fcde400c000 ---p 00005000 08:01 930945                     /usr/lib/jvm/java-11-openjdk-amd64/lib/libmanagement_ext.so
7fcde400c000-7fcde400d000 r--p 00005000 08:01 930945                     /usr/lib/jvm/java-11-openjdk-amd64/lib/libmanagement_ext.so
7fcde400d000-7fcde400e000 rw-p 00006000 08:01 930945                     /usr/lib/jvm/java-11-openjdk-amd64/lib/libmanagement_ext.so
7fcde400e000-7fcde4011000 r--p 00000000 08:01 930943                     /usr/lib/jvm/java-11-openjdk-amd64/lib/libmanagement.so
7fcde4011000-7fcde4012000 r-xp 00003000 08:01 930943                     /usr/lib/jvm/java-11-openjdk-amd64/lib/libmanagement.so
7fcde4012000-7fcde4013000 r--p 00004000 08:01 930943                     /usr/lib/jvm/java-11-openjdk-amd64/lib/libmanagement.so
7fcde4013000-7fcde4014000 r--p 00004000 08:01 930943                     /usr/lib/jvm/java-11-openjdk-amd64/lib/libmanagement.so
7fcde4014000-7fcde4015000 rw-p 00005000 08:01 930943                     /usr/lib/jvm/java-11-openjdk-amd64/lib/libmanagement.so
7fcde4015000-7fcde4019000 r--p 00000000 08:01 930947                     /usr/lib/jvm/java-11-openjdk-amd64/lib/libnet.so
7fcde4019000-7fcde4028000 r-xp 00004000 08:01 930947                     /usr/lib/jvm/java-11-openjdk-amd64/lib/libnet.so
7fcde4028000-7fcde402c000 r--p 00013000 08:01 930947                     /usr/lib/jvm/java-11-openjdk-amd64/lib/libnet.so
7fcde402c000-7fcde402d000 r--p 00016000 08:01 930947                     /usr/lib/jvm/java-11-openjdk-amd64/lib/libnet.so
7fcde402d000-7fcde402e000 rw-p 00017000 08:01 930947                     /usr/lib/jvm/java-11-openjdk-amd64/lib/libnet.so
7fcde402e000-7fcde4035000 r--p 00000000 08:01 930948                     /usr/lib/jvm/java-11-openjdk-amd64/lib/libnio.so
7fcde4035000-7fcde403c000 r-xp 00007000 08:01 930948                     /usr/lib/jvm/java-11-openjdk-amd64/lib/libnio.so
7fcde403c000-7fcde403f000 r--p 0000e000 08:01 930948                     /usr/lib/jvm/java-11-openjdk-amd64/lib/libnio.so
7fcde403f000-7fcde4040000 r--p 00010000 08:01 930948                     /usr/lib/jvm/java-11-openjdk-amd64/lib/libnio.so
7fcde4040000-7fcde4041000 rw-p 00011000 08:01 930948                     /usr/lib/jvm/java-11-openjdk-amd64/lib/libnio.so
7fcde4041000-7fcde4042000 r--p 00000000 08:01 3167289                    /usr/lib/locale/aa_ET/LC_NUMERIC
7fcde4042000-7fcde4043000 r--p 00000000 08:01 6564848                    /usr/lib/locale/en_US.utf8/LC_TIME
7fcde4043000-7fcde4044000 r--p 00000000 08:01 6471076                    /usr/lib/locale/chr_US/LC_MONETARY
7fcde4044000-7fcde4045000 r--p 00000000 08:01 6471371                    /usr/lib/locale/en_AG/LC_MESSAGES/SYS_LC_MESSAGES
7fcde4045000-7fcde4046000 r--p 00000000 08:01 6471077                    /usr/lib/locale/chr_US/LC_PAPER
7fcde4046000-7fcde4047000 r--p 00000000 08:01 6470904                    /usr/lib/locale/bi_VU/LC_NAME
7fcde4047000-7fcde404e000 r--s 00000000 08:01 1443612                    /usr/lib/x86_64-linux-gnu/gconv/gconv-modules.cache
7fcde404e000-7fcde410b000 rw-p 00000000 00:00 0 
7fcde410b000-7fcde42cd000 ---p 00000000 00:00 0 
7fcde42cd000-7fcde42d0000 r--p 00000000 08:01 1445675                    /usr/lib/x86_64-linux-gnu/libnss_files-2.28.so
7fcde42d0000-7fcde42d7000 r-xp 00003000 08:01 1445675                    /usr/lib/x86_64-linux-gnu/libnss_files-2.28.so
7fcde42d7000-7fcde42d9000 r--p 0000a000 08:01 1445675                    /usr/lib/x86_64-linux-gnu/libnss_files-2.28.so
7fcde42d9000-7fcde42da000 ---p 0000c000 08:01 1445675                    /usr/lib/x86_64-linux-gnu/libnss_files-2.28.so
7fcde42da000-7fcde42db000 r--p 0000c000 08:01 1445675                    /usr/lib/x86_64-linux-gnu/libnss_files-2.28.so
7fcde42db000-7fcde42dc000 rw-p 0000d000 08:01 1445675                    /usr/lib/x86_64-linux-gnu/libnss_files-2.28.so
7fcde42dc000-7fcde42e7000 rw-p 00000000 00:00 0 
7fcde42e7000-7fcde42f0000 ---p 00000000 00:00 0 
7fcde42f0000-7fcde42f2000 r--p 00000000 08:01 930956                     /usr/lib/jvm/java-11-openjdk-amd64/lib/libzip.so
7fcde42f2000-7fcde42f6000 r-xp 00002000 08:01 930956                     /usr/lib/jvm/java-11-openjdk-amd64/lib/libzip.so
7fcde42f6000-7fcde42f8000 r--p 00006000 08:01 930956                     /usr/lib/jvm/java-11-openjdk-amd64/lib/libzip.so
7fcde42f8000-7fcde42f9000 r--p 00007000 08:01 930956                     /usr/lib/jvm/java-11-openjdk-amd64/lib/libzip.so
7fcde42f9000-7fcde42fa000 rw-p 00008000 08:01 930956                     /usr/lib/jvm/java-11-openjdk-amd64/lib/libzip.so
7fcde42fa000-7fcde4302000 rw-s 00000000 08:01 4718722                    /tmp/hsperfdata_sitamvan/23093
7fcde4302000-7fcde430f000 r--p 00000000 08:01 927072                     /usr/lib/jvm/java-11-openjdk-amd64/lib/libjava.so
7fcde430f000-7fcde4324000 r-xp 0000d000 08:01 927072                     /usr/lib/jvm/java-11-openjdk-amd64/lib/libjava.so
7fcde4324000-7fcde432a000 r--p 00022000 08:01 927072                     /usr/lib/jvm/java-11-openjdk-amd64/lib/libjava.so
7fcde432a000-7fcde432b000 ---p 00028000 08:01 927072                     /usr/lib/jvm/java-11-openjdk-amd64/lib/libjava.so
7fcde432b000-7fcde432c000 r--p 00028000 08:01 927072                     /usr/lib/jvm/java-11-openjdk-amd64/lib/libjava.so
7fcde432c000-7fcde432d000 rw-p 00029000 08:01 927072                     /usr/lib/jvm/java-11-openjdk-amd64/lib/libjava.so
7fcde432d000-7fcde432e000 rw-p 00000000 00:00 0 
7fcde432e000-7fcde4330000 r--p 00000000 08:01 1445950                    /usr/lib/x86_64-linux-gnu/librt-2.28.so
7fcde4330000-7fcde4334000 r-xp 00002000 08:01 1445950                    /usr/lib/x86_64-linux-gnu/librt-2.28.so
7fcde4334000-7fcde4336000 r--p 00006000 08:01 1445950                    /usr/lib/x86_64-linux-gnu/librt-2.28.so
7fcde4336000-7fcde4337000 r--p 00007000 08:01 1445950                    /usr/lib/x86_64-linux-gnu/librt-2.28.so
7fcde4337000-7fcde4338000 rw-p 00008000 08:01 1445950                    /usr/lib/x86_64-linux-gnu/librt-2.28.so
7fcde4338000-7fcde433c000 ---p 00000000 00:00 0 
7fcde433c000-7fcde4439000 rw-p 00000000 00:00 0 
7fcde4439000-7fcde443c000 r--p 00000000 08:01 1445019                    /usr/lib/x86_64-linux-gnu/libgcc_s.so.1
7fcde443c000-7fcde444d000 r-xp 00003000 08:01 1445019                    /usr/lib/x86_64-linux-gnu/libgcc_s.so.1
7fcde444d000-7fcde4450000 r--p 00014000 08:01 1445019                    /usr/lib/x86_64-linux-gnu/libgcc_s.so.1
7fcde4450000-7fcde4451000 ---p 00017000 08:01 1445019                    /usr/lib/x86_64-linux-gnu/libgcc_s.so.1
7fcde4451000-7fcde4452000 r--p 00017000 08:01 1445019                    /usr/lib/x86_64-linux-gnu/libgcc_s.so.1
7fcde4452000-7fcde4453000 rw-p 00018000 08:01 1445019                    /usr/lib/x86_64-linux-gnu/libgcc_s.so.1
7fcde4453000-7fcde4460000 r--p 00000000 08:01 1445502                    /usr/lib/x86_64-linux-gnu/libm-2.28.so
7fcde4460000-7fcde44ff000 r-xp 0000d000 08:01 1445502                    /usr/lib/x86_64-linux-gnu/libm-2.28.so
7fcde44ff000-7fcde45d4000 r--p 000ac000 08:01 1445502                    /usr/lib/x86_64-linux-gnu/libm-2.28.so
7fcde45d4000-7fcde45d5000 r--p 00180000 08:01 1445502                    /usr/lib/x86_64-linux-gnu/libm-2.28.so
7fcde45d5000-7fcde45d6000 rw-p 00181000 08:01 1445502                    /usr/lib/x86_64-linux-gnu/libm-2.28.so
7fcde45d6000-7fcde465f000 r--p 00000000 08:01 1446055                    /usr/lib/x86_64-linux-gnu/libstdc++.so.6.0.25
7fcde465f000-7fcde470b000 r-xp 00089000 08:01 1446055                    /usr/lib/x86_64-linux-gnu/libstdc++.so.6.0.25
7fcde470b000-7fcde4749000 r--p 00135000 08:01 1446055                    /usr/lib/x86_64-linux-gnu/libstdc++.so.6.0.25
7fcde4749000-7fcde474a000 ---p 00173000 08:01 1446055                    /usr/lib/x86_64-linux-gnu/libstdc++.so.6.0.25
7fcde474a000-7fcde4754000 r--p 00173000 08:01 1446055                    /usr/lib/x86_64-linux-gnu/libstdc++.so.6.0.25
7fcde4754000-7fcde4756000 rw-p 0017d000 08:01 1446055                    /usr/lib/x86_64-linux-gnu/libstdc++.so.6.0.25
7fcde4756000-7fcde475a000 rw-p 00000000 00:00 0 
7fcde475a000-7fcde49c7000 r--p 00000000 08:01 930960                     /usr/lib/jvm/java-11-openjdk-amd64/lib/server/libjvm.so
7fcde49c7000-7fcde54f9000 r-xp 0026d000 08:01 930960                     /usr/lib/jvm/java-11-openjdk-amd64/lib/server/libjvm.so
7fcde54f9000-7fcde572f000 r--p 00d9f000 08:01 930960                     /usr/lib/jvm/java-11-openjdk-amd64/lib/server/libjvm.so
7fcde572f000-7fcde5730000 ---p 00fd5000 08:01 930960                     /usr/lib/jvm/java-11-openjdk-amd64/lib/server/libjvm.so
7fcde5730000-7fcde57ed000 r--p 00fd5000 08:01 930960                     /usr/lib/jvm/java-11-openjdk-amd64/lib/server/libjvm.so
7fcde57ed000-7fcde5826000 rw-p 01092000 08:01 930960                     /usr/lib/jvm/java-11-openjdk-amd64/lib/server/libjvm.so
7fcde5826000-7fcde587f000 rw-p 00000000 00:00 0 
7fcde587f000-7fcde58a1000 r--p 00000000 08:01 1444685                    /usr/lib/x86_64-linux-gnu/libc-2.28.so
7fcde58a1000-7fcde59e9000 r-xp 00022000 08:01 1444685                    /usr/lib/x86_64-linux-gnu/libc-2.28.so
7fcde59e9000-7fcde5a35000 r--p 0016a000 08:01 1444685                    /usr/lib/x86_64-linux-gnu/libc-2.28.so
7fcde5a35000-7fcde5a36000 ---p 001b6000 08:01 1444685                    /usr/lib/x86_64-linux-gnu/libc-2.28.so
7fcde5a36000-7fcde5a3a000 r--p 001b6000 08:01 1444685                    /usr/lib/x86_64-linux-gnu/libc-2.28.so
7fcde5a3a000-7fcde5a3c000 rw-p 001ba000 08:01 1444685                    /usr/lib/x86_64-linux-gnu/libc-2.28.so
7fcde5a3c000-7fcde5a40000 rw-p 00000000 00:00 0 
7fcde5a40000-7fcde5a41000 r--p 00000000 08:01 1444841                    /usr/lib/x86_64-linux-gnu/libdl-2.28.so
7fcde5a41000-7fcde5a42000 r-xp 00001000 08:01 1444841                    /usr/lib/x86_64-linux-gnu/libdl-2.28.so
7fcde5a42000-7fcde5a43000 r--p 00002000 08:01 1444841                    /usr/lib/x86_64-linux-gnu/libdl-2.28.so
7fcde5a43000-7fcde5a44000 r--p 00002000 08:01 1444841                    /usr/lib/x86_64-linux-gnu/libdl-2.28.so
7fcde5a44000-7fcde5a45000 rw-p 00003000 08:01 1444841                    /usr/lib/x86_64-linux-gnu/libdl-2.28.so
7fcde5a45000-7fcde5a48000 r--p 00000000 08:01 927056                     /usr/lib/jvm/java-11-openjdk-amd64/lib/jli/libjli.so
7fcde5a48000-7fcde5a52000 r-xp 00003000 08:01 927056                     /usr/lib/jvm/java-11-openjdk-amd64/lib/jli/libjli.so
7fcde5a52000-7fcde5a55000 r--p 0000d000 08:01 927056                     /usr/lib/jvm/java-11-openjdk-amd64/lib/jli/libjli.so
7fcde5a55000-7fcde5a56000 ---p 00010000 08:01 927056                     /usr/lib/jvm/java-11-openjdk-amd64/lib/jli/libjli.so
7fcde5a56000-7fcde5a57000 r--p 00010000 08:01 927056                     /usr/lib/jvm/java-11-openjdk-amd64/lib/jli/libjli.so
7fcde5a57000-7fcde5a58000 rw-p 00011000 08:01 927056                     /usr/lib/jvm/java-11-openjdk-amd64/lib/jli/libjli.so
7fcde5a58000-7fcde5a5e000 r--p 00000000 08:01 1445874                    /usr/lib/x86_64-linux-gnu/libpthread-2.28.so
7fcde5a5e000-7fcde5a6d000 r-xp 00006000 08:01 1445874                    /usr/lib/x86_64-linux-gnu/libpthread-2.28.so
7fcde5a6d000-7fcde5a73000 r--p 00015000 08:01 1445874                    /usr/lib/x86_64-linux-gnu/libpthread-2.28.so
7fcde5a73000-7fcde5a74000 r--p 0001a000 08:01 1445874                    /usr/lib/x86_64-linux-gnu/libpthread-2.28.so
7fcde5a74000-7fcde5a75000 rw-p 0001b000 08:01 1445874                    /usr/lib/x86_64-linux-gnu/libpthread-2.28.so
7fcde5a75000-7fcde5a79000 rw-p 00000000 00:00 0 
7fcde5a79000-7fcde5a95000 r-xp 00000000 08:01 1446381                    /usr/lib/x86_64-linux-gnu/libz.so.1.2.11
7fcde5a95000-7fcde5c95000 ---p 0001c000 08:01 1446381                    /usr/lib/x86_64-linux-gnu/libz.so.1.2.11
7fcde5c95000-7fcde5c96000 r--p 0001c000 08:01 1446381                    /usr/lib/x86_64-linux-gnu/libz.so.1.2.11
7fcde5c96000-7fcde5c97000 rw-p 0001d000 08:01 1446381                    /usr/lib/x86_64-linux-gnu/libz.so.1.2.11
7fcde5c97000-7fcde5c99000 rw-p 00000000 00:00 0 
7fcde5c99000-7fcde5c9a000 r--p 00000000 08:01 6564845                    /usr/lib/locale/en_US.utf8/LC_ADDRESS
7fcde5c9a000-7fcde5c9b000 r--p 00000000 08:01 6471078                    /usr/lib/locale/chr_US/LC_TELEPHONE
7fcde5c9b000-7fcde5c9c000 r--p 00000000 08:01 6471073                    /usr/lib/locale/chr_US/LC_MEASUREMENT
7fcde5c9c000-7fcde5c9d000 r--p 00000000 08:01 6564846                    /usr/lib/locale/en_US.utf8/LC_IDENTIFICATION
7fcde5c9d000-7fcde5c9e000 ---p 00000000 00:00 0 
7fcde5c9e000-7fcde5c9f000 r--p 00000000 00:00 0 
7fcde5c9f000-7fcde5ca1000 r--p 00000000 08:01 930939                     /usr/lib/jvm/java-11-openjdk-amd64/lib/libjimage.so
7fcde5ca1000-7fcde5ca4000 r-xp 00002000 08:01 930939                     /usr/lib/jvm/java-11-openjdk-amd64/lib/libjimage.so
7fcde5ca4000-7fcde5ca6000 r--p 00005000 08:01 930939                     /usr/lib/jvm/java-11-openjdk-amd64/lib/libjimage.so
7fcde5ca6000-7fcde5ca7000 r--p 00006000 08:01 930939                     /usr/lib/jvm/java-11-openjdk-amd64/lib/libjimage.so
7fcde5ca7000-7fcde5ca8000 rw-p 00007000 08:01 930939                     /usr/lib/jvm/java-11-openjdk-amd64/lib/libjimage.so
7fcde5ca8000-7fcde5cad000 r--p 00000000 08:01 930955                     /usr/lib/jvm/java-11-openjdk-amd64/lib/libverify.so
7fcde5cad000-7fcde5cb4000 r-xp 00005000 08:01 930955                     /usr/lib/jvm/java-11-openjdk-amd64/lib/libverify.so
7fcde5cb4000-7fcde5cb6000 r--p 0000c000 08:01 930955                     /usr/lib/jvm/java-11-openjdk-amd64/lib/libverify.so
7fcde5cb6000-7fcde5cb8000 r--p 0000d000 08:01 930955                     /usr/lib/jvm/java-11-openjdk-amd64/lib/libverify.so
7fcde5cb8000-7fcde5cb9000 rw-p 0000f000 08:01 930955                     /usr/lib/jvm/java-11-openjdk-amd64/lib/libverify.so
7fcde5cb9000-7fcde5cba000 r--p 00000000 08:01 1444118                    /usr/lib/x86_64-linux-gnu/ld-2.28.so
7fcde5cba000-7fcde5cd8000 r-xp 00001000 08:01 1444118                    /usr/lib/x86_64-linux-gnu/ld-2.28.so
7fcde5cd8000-7fcde5ce0000 r--p 0001f000 08:01 1444118                    /usr/lib/x86_64-linux-gnu/ld-2.28.so
7fcde5ce0000-7fcde5ce1000 r--p 00026000 08:01 1444118                    /usr/lib/x86_64-linux-gnu/ld-2.28.so
7fcde5ce1000-7fcde5ce2000 rw-p 00027000 08:01 1444118                    /usr/lib/x86_64-linux-gnu/ld-2.28.so
7fcde5ce2000-7fcde5ce3000 rw-p 00000000 00:00 0 
7ffcd5681000-7ffcd56a5000 rw-p 00000000 00:00 0                          [stack]
7ffcd56b8000-7ffcd56bb000 r--p 00000000 00:00 0                          [vvar]
7ffcd56bb000-7ffcd56bd000 r-xp 00000000 00:00 0                          [vdso]


VM Arguments:
jvm_args: -Xverify:none -XX:TieredStopAtLevel=1 
java_command: com.bpm.workflow.Application
java_class_path (initial): /media/sitamvan/6BFBF3073D998CDA/Spring-Boot Camunda/camunda-springboot-postgres/target/classes:/home/sitamvan/.m2/repository/org/camunda/bpm/springboot/camunda-bpm-spring-boot-starter-rest/7.13.0/camunda-bpm-spring-boot-starter-rest-7.13.0.jar:/home/sitamvan/.m2/repository/org/camunda/bpm/springboot/camunda-bpm-spring-boot-starter/7.13.0/camunda-bpm-spring-boot-starter-7.13.0.jar:/home/sitamvan/.m2/repository/org/camunda/bpm/camunda-engine-spring/7.13.0/camunda-engine-spring-7.13.0.jar:/home/sitamvan/.m2/repository/org/camunda/bpm/camunda-engine/7.13.0/camunda-engine-7.13.0.jar:/home/sitamvan/.m2/repository/org/camunda/bpm/model/camunda-bpmn-model/7.13.0/camunda-bpmn-model-7.13.0.jar:/home/sitamvan/.m2/repository/org/camunda/bpm/model/camunda-xml-model/7.13.0/camunda-xml-model-7.13.0.jar:/home/sitamvan/.m2/repository/org/camunda/bpm/model/camunda-cmmn-model/7.13.0/camunda-cmmn-model-7.13.0.jar:/home/sitamvan/.m2/repository/org/camunda/bpm/dmn/camunda-engine-dmn/7.13.0/camunda-engine-dmn-7.13.0.jar:/home/sitamvan/.m2/repository/org/camunda/bpm/model/camunda-dmn-model/7.13.0/camunda-dmn-model-7.13.0.jar:/home/sitamvan/.m2/repository/org/camunda/bpm/dmn/camunda-engine-feel-api/7.13.0/camunda-engine-feel-api-7.13.0.jar:/home/sitamvan/.m2/repository/org/camunda/bpm/dmn/camunda-engine-feel-juel/7.13.0/camunda-engine-feel-juel-7.13.0.jar:/home/sitamvan/.m2/repository/org/camunda/bpm/dmn/camunda-engine-feel-scala/7.13.0/camunda-engine-feel-scala-7.13.0.jar:/home/sitamvan/.m2/repository/org/camunda/commons/camunda-commons-typed-values/7.13.0/camunda-commons-typed-values-7.13.0.jar:/home/sitamvan/.m2/repository/org/mybatis/mybatis/3.5.3/mybatis-3.5.3.jar:/home/sitamvan/.m2/repository/joda-time/joda-time/2.10.5/joda-time-2.10.5.jar:/home/sitamvan/.m2/repository/commons-dbcp/commons-dbcp/1.4/commons-dbcp-1.4.jar:/home/sitamvan/.m2/repository/commons-pool/commons-pool/1.6/commons-pool-1.6.jar:/home/sitamvan/.m2/repository/org/springframework/spring-
Launcher Type: SUN_STANDARD

[Global flags]
     bool BytecodeVerificationLocal                = false                                     {product} {command line}
     bool BytecodeVerificationRemote               = false                                     {product} {command line}
     intx CICompilerCount                          = 3                                         {product} {ergonomic}
     uint ConcGCThreads                            = 1                                         {product} {ergonomic}
     uint G1ConcRefinementThreads                  = 4                                         {product} {ergonomic}
   size_t G1HeapRegionSize                         = 1048576                                   {product} {ergonomic}
    uintx GCDrainStackTargetSize                   = 64                                        {product} {ergonomic}
   size_t InitialHeapSize                          = 130023424                                 {product} {ergonomic}
   size_t MarkStackSize                            = 4194304                                   {product} {ergonomic}
   size_t MaxHeapSize                              = 2067791872                                {product} {ergonomic}
   size_t MaxNewSize                               = 1240465408                                {product} {ergonomic}
   size_t MinHeapDeltaBytes                        = 1048576                                   {product} {ergonomic}
    uintx NonNMethodCodeHeapSize                   = 6973028                                {pd product} {ergonomic}
    uintx NonProfiledCodeHeapSize                  = 244685212                              {pd product} {ergonomic}
    uintx ProfiledCodeHeapSize                     = 0                                      {pd product} {ergonomic}
    uintx ReservedCodeCacheSize                    = 251658240                              {pd product} {ergonomic}
     bool SegmentedCodeCache                       = true                                      {product} {ergonomic}
     intx TieredStopAtLevel                        = 1                                         {product} {command line}
     bool UseCompressedClassPointers               = true                                 {lp64_product} {ergonomic}
     bool UseCompressedOops                        = true                                 {lp64_product} {ergonomic}
     bool UseG1GC                                  = true                                      {product} {ergonomic}

Logging:
Log output configuration:
 #0: stdout all=warning uptime,level,tags
 #1: stderr all=off uptime,level,tags

Environment Variables:
PATH=/usr/local/go/bin:/opt/maven/apache-maven-3.6.3/bin:/opt/gradle/gradle-6.5/bin:/usr/local/bin:/usr/bin:/bin:/usr/local/games:/usr/games
SHELL=/usr/bin/fish
DISPLAY=:0.0
LANG=en_US.UTF-8

Signal Handlers:
SIGSEGV: [libjvm.so+0xd2b400], sa_mask[0]=11111111011111111101111111111110, sa_flags=SA_RESTART|SA_SIGINFO
SIGBUS: [libjvm.so+0xd2b400], sa_mask[0]=11111111011111111101111111111110, sa_flags=SA_RESTART|SA_SIGINFO
SIGFPE: [libjvm.so+0xd2b400], sa_mask[0]=11111111011111111101111111111110, sa_flags=SA_RESTART|SA_SIGINFO
SIGPIPE: [libjvm.so+0xb30170], sa_mask[0]=11111111011111111101111111111110, sa_flags=SA_RESTART|SA_SIGINFO
SIGXFSZ: [libjvm.so+0xb30170], sa_mask[0]=11111111011111111101111111111110, sa_flags=SA_RESTART|SA_SIGINFO
SIGILL: [libjvm.so+0xd2b400], sa_mask[0]=11111111011111111101111111111110, sa_flags=SA_RESTART|SA_SIGINFO
SIGUSR2: [libjvm.so+0xb30000], sa_mask[0]=00100000000000000000000000000000, sa_flags=SA_RESTART|SA_SIGINFO
SIGHUP: [libjvm.so+0xb304b0], sa_mask[0]=11111111011111111101111111111110, sa_flags=SA_RESTART|SA_SIGINFO
SIGINT: [libjvm.so+0xb304b0], sa_mask[0]=11111111011111111101111111111110, sa_flags=SA_RESTART|SA_SIGINFO
SIGTERM: [libjvm.so+0xb304b0], sa_mask[0]=11111111011111111101111111111110, sa_flags=SA_RESTART|SA_SIGINFO
SIGQUIT: [libjvm.so+0xb304b0], sa_mask[0]=11111111011111111101111111111110, sa_flags=SA_RESTART|SA_SIGINFO


---------------  S Y S T E M  ---------------

OS:PRETTY_NAME="MX 19.2 patito feo"
DISTRIB_ID=MX
DISTRIB_RELEASE=19.2 
DISTRIB_CODENAME="patito feo"
DISTRIB_DESCRIPTION="MX 19.2 patito feo"
uname:Linux 4.19.0-6-amd64 #1 SMP Debian 4.19.67-2+deb10u2 (2019-11-11) x86_64
OS uptime: 0 days 7:42 hours
libc:glibc 2.28 NPTL 2.28 
rlimit (soft/hard): STACK 8192k/infinity , CORE 0k/infinity , NPROC 31259/31259 , NOFILE 4096/4096 , AS infinity/infinity , CPU infinity/infinity , DATA infinity/infinity , FSIZE infinity/infinity , MEMLOCK 64k/64k
load average:29.91 12.66 5.77

/proc/meminfo:
MemTotal:        8069372 kB
MemFree:          135800 kB
MemAvailable:      85740 kB
Buffers:            8696 kB
Cached:           409388 kB
SwapCached:       293476 kB
Active:          6727648 kB
Inactive:         932000 kB
Active(anon):    6656776 kB
Inactive(anon):   876852 kB
Active(file):      70872 kB
Inactive(file):    55148 kB
Unevictable:          80 kB
Mlocked:              80 kB
SwapTotal:       2097148 kB
SwapFree:          72228 kB
Dirty:               336 kB
Writeback:            52 kB
AnonPages:       6949620 kB
Mapped:           296092 kB
Shmem:            291576 kB
Slab:             111696 kB
SReclaimable:      48552 kB
SUnreclaim:        63144 kB
KernelStack:       19584 kB
PageTables:        53364 kB
NFS_Unstable:          0 kB
Bounce:                0 kB
WritebackTmp:          0 kB
CommitLimit:     6131832 kB
Committed_AS:   14937044 kB
VmallocTotal:   34359738367 kB
VmallocUsed:           0 kB
VmallocChunk:          0 kB
Percpu:             3648 kB
HardwareCorrupted:     0 kB
AnonHugePages:   2263040 kB
ShmemHugePages:        0 kB
ShmemPmdMapped:        0 kB
HugePages_Total:       0
HugePages_Free:        0
HugePages_Rsvd:        0
HugePages_Surp:        0
Hugepagesize:       2048 kB
Hugetlb:               0 kB
DirectMap4k:      180628 kB
DirectMap2M:     8110080 kB

/sys/kernel/mm/transparent_hugepage/enabled:
[always] madvise never

/sys/kernel/mm/transparent_hugepage/defrag (defrag/compaction efforts parameter):
always defer defer+madvise [madvise] never


/proc/sys/kernel/threads-max (system-wide limit on the number of threads):
62518


/proc/sys/vm/max_map_count (maximum number of memory map areas a process may have):
65530


/proc/sys/kernel/pid_max (system-wide limit on number of process identifiers):
32768



Steal ticks since vm start: 0
Steal ticks percentage since vm start:  0.000

CPU:total 4 (initial active 4) (2 cores per cpu, 2 threads per core) family 6 model 42 stepping 7, cmov, cx8, fxsr, mmx, sse, sse2, sse3, ssse3, sse4.1, sse4.2, popcnt, avx, clmul, ht, tsc, tscinvbit
CPU Model and flags from /proc/cpuinfo:
model name	: Intel(R) Core(TM) i3-2350M CPU @ 2.30GHz
flags		: fpu vme de pse tsc msr pae mce cx8 apic sep mtrr pge mca cmov pat pse36 clflush dts acpi mmx fxsr sse sse2 ss ht tm pbe syscall nx rdtscp lm constant_tsc arch_perfmon pebs bts rep_good nopl xtopology nonstop_tsc cpuid aperfmperf pni pclmulqdq dtes64 monitor ds_cpl vmx est tm2 ssse3 cx16 xtpr pdcm pcid sse4_1 sse4_2 x2apic popcnt tsc_deadline_timer xsave avx lahf_lm epb pti ssbd ibrs ibpb stibp tpr_shadow vnmi flexpriority ept vpid xsaveopt dtherm arat pln pts md_clear flush_l1d

Memory: 4k page, physical 8069372k(138320k free), swap 2097148k(71864k free)

vm_info: OpenJDK 64-Bit Server VM (11.0.8+10-post-Debian-1deb10u1) for linux-amd64 JRE (11.0.8+10-post-Debian-1deb10u1), built on Jul 23 2020 14:58:04 by "unknown" with gcc 8.3.0

END.
